#
# A fatal error has been detected by the Java Runtime Environment:
#
#  Internal Error (classFileParser.cpp:3161), pid=9847, tid=139705010394880
#  Error: ShouldNotReachHere()
#
# JRE version: 6.0_21-b04
# Java VM: Java HotSpot(TM) 64-Bit Server VM (17.0-b14 mixed mode linux-amd64 )
# If you would like to submit a bug report, please visit:
#   http://java.sun.com/webapps/bugreport/crash.jsp
#

---------------  T H R E A D  ---------------

Current thread (0x0000000040376000):  JavaThread "Unknown thread" [_thread_in_vm, id=9852, stack(0x00007f0f9b749000,0x00007f0f9b84a000)]

Stack: [0x00007f0f9b749000,0x00007f0f9b84a000],  sp=0x00007f0f9b848140,  free space=3fc0000000000000018k
Native frames: (J=compiled Java code, j=interpreted, Vv=VM code, C=native code)
V  [libjvm.so+0x730520]
V  [libjvm.so+0x2f32c2]
V  [libjvm.so+0x281da4]
V  [libjvm.so+0x288234]
V  [libjvm.so+0x6c19cf]
V  [libjvm.so+0x6bfb5b]
V  [libjvm.so+0x6be9f1]
V  [libjvm.so+0x6be663]
V  [libjvm.so+0x6c3050]
V  [libjvm.so+0x6c30e5]
V  [libjvm.so+0x6c31c5]
V  [libjvm.so+0x6c2f88]
V  [libjvm.so+0x7084b8]
V  [libjvm.so+0x70a329]
V  [libjvm.so+0x3b55d8]
V  [libjvm.so+0x6f1bdf]
V  [libjvm.so+0x41ff60]


---------------  P R O C E S S  ---------------

Java Threads: ( => current thread )

Other Threads:

=>0x0000000040376000 (exited) JavaThread "Unknown thread" [_thread_in_vm, id=9852, stack(0x00007f0f9b749000,0x00007f0f9b84a000)]

VM state:not at safepoint (not fully initialized)

VM Mutex/Monitor currently owned by a thread: None

Dynamic libraries:
40000000-40009000 r-xp 00000000 00:22 24880134                           /dist/local/x86_64=suse64_11.1/java/jdk1.6.0_21/bin/java
40108000-4010a000 rwxp 00008000 00:22 24880134                           /dist/local/x86_64=suse64_11.1/java/jdk1.6.0_21/bin/java
4036c000-4038d000 rwxp 00000000 00:00 0                                  [heap]
7f0f50000000-7f0f50056000 rwxp 00000000 00:00 0 
7f0f50056000-7f0f54000000 ---p 00000000 00:00 0 
7f0f577d5000-7f0f5789b000 r-xs 0116f000 00:22 61408350                   /dist/local/x86_64.debian64_dev/android/android-sdk-linux_x86_r09/platforms/android-17/android.jar
7f0f5789b000-7f0f5789c000 ---p 00000000 00:00 0 
7f0f5789c000-7f0f5799c000 rwxp 00000000 00:00 0                          [stack:9856]
7f0f5799c000-7f0f5799d000 ---p 00000000 00:00 0 
7f0f5799d000-7f0f57a9d000 rwxp 00000000 00:00 0                          [stack:9855]
7f0f57a9d000-7f0f57a9e000 ---p 00000000 00:00 0 
7f0f57a9e000-7f0f57b9e000 rwxp 00000000 00:00 0                          [stack:9854]
7f0f57b9e000-7f0f57b9f000 ---p 00000000 00:00 0 
7f0f57b9f000-7f0f57cb3000 rwxp 00000000 00:00 0                          [stack:9853]
7f0f57cb3000-7f0f57dd5000 rwxp 00000000 00:00 0 
7f0f57dd5000-7f0f57de0000 rwxp 00000000 00:00 0 
7f0f57de0000-7f0f57dff000 rwxp 00000000 00:00 0 
7f0f57dff000-7f0f57e13000 rwxp 00000000 00:00 0 
7f0f57e13000-7f0f57f34000 rwxp 00000000 00:00 0 
7f0f57f34000-7f0f57f3e000 rwxp 00000000 00:00 0 
7f0f57f3e000-7f0f57fcf000 rwxp 00000000 00:00 0 
7f0f57fcf000-7f0f59490000 rwxp 00000000 00:00 0 
7f0f59490000-7f0f5d3d0000 rwxp 00000000 00:00 0 
7f0f5d3d0000-7f0f5fa80000 rwxp 00000000 00:00 0 
7f0f5fa80000-7f0f83e80000 rwxp 00000000 00:00 0 
7f0f83e80000-7f0f851d0000 rwxp 00000000 00:00 0 
7f0f851d0000-7f0f973d0000 rwxp 00000000 00:00 0 
7f0f973d1000-7f0f973db000 rwxp 00000000 00:00 0 
7f0f973db000-7f0f97491000 rwxp 00000000 00:00 0 
7f0f97491000-7f0f97701000 rwxp 00000000 00:00 0 
7f0f97701000-7f0f9a491000 rwxp 00000000 00:00 0 
7f0f9a491000-7f0f9a49f000 r-xp 00000000 00:22 10068149                   /dist/local/x86_64=suse64_11.1/java/jdk1.6.0_21/jre/lib/amd64/libzip.so
7f0f9a49f000-7f0f9a5a1000 ---p 0000e000 00:22 10068149                   /dist/local/x86_64=suse64_11.1/java/jdk1.6.0_21/jre/lib/amd64/libzip.so
7f0f9a5a1000-7f0f9a5a4000 rwxp 00010000 00:22 10068149                   /dist/local/x86_64=suse64_11.1/java/jdk1.6.0_21/jre/lib/amd64/libzip.so
7f0f9a5a4000-7f0f9a5a5000 rwxp 00000000 00:00 0 
7f0f9a5a5000-7f0f9a5b8000 r-xp 00000000 00:0c 29728456                   /lib/x86_64-linux-gnu/libresolv-2.13.so
7f0f9a5b8000-7f0f9a7b7000 ---p 00013000 00:0c 29728456                   /lib/x86_64-linux-gnu/libresolv-2.13.so
7f0f9a7b7000-7f0f9a7b8000 r-xp 00012000 00:0c 29728456                   /lib/x86_64-linux-gnu/libresolv-2.13.so
7f0f9a7b8000-7f0f9a7b9000 rwxp 00013000 00:0c 29728456                   /lib/x86_64-linux-gnu/libresolv-2.13.so
7f0f9a7b9000-7f0f9a7bb000 rwxp 00000000 00:00 0 
7f0f9a7bb000-7f0f9a7c0000 r-xp 00000000 00:0c 13866799                   /usr/lib/libnss_hujihs.so.2
7f0f9a7c0000-7f0f9a9bf000 ---p 00005000 00:0c 13866799                   /usr/lib/libnss_hujihs.so.2
7f0f9a9bf000-7f0f9a9c0000 r-xp 00004000 00:0c 13866799                   /usr/lib/libnss_hujihs.so.2
7f0f9a9c0000-7f0f9a9c1000 rwxp 00005000 00:0c 13866799                   /usr/lib/libnss_hujihs.so.2
7f0f9a9c1000-7f0f9a9cc000 r-xp 00000000 00:0c 27583407                   /lib/x86_64-linux-gnu/libnss_files-2.13.so
7f0f9a9cc000-7f0f9abcb000 ---p 0000b000 00:0c 27583407                   /lib/x86_64-linux-gnu/libnss_files-2.13.so
7f0f9abcb000-7f0f9abcc000 r-xp 0000a000 00:0c 27583407                   /lib/x86_64-linux-gnu/libnss_files-2.13.so
7f0f9abcc000-7f0f9abcd000 rwxp 0000b000 00:0c 27583407                   /lib/x86_64-linux-gnu/libnss_files-2.13.so
7f0f9abcd000-7f0f9abd7000 r-xp 00000000 00:0c 27583410                   /lib/x86_64-linux-gnu/libnss_nis-2.13.so
7f0f9abd7000-7f0f9add6000 ---p 0000a000 00:0c 27583410                   /lib/x86_64-linux-gnu/libnss_nis-2.13.so
7f0f9add6000-7f0f9add7000 r-xp 00009000 00:0c 27583410                   /lib/x86_64-linux-gnu/libnss_nis-2.13.so
7f0f9add7000-7f0f9add8000 rwxp 0000a000 00:0c 27583410                   /lib/x86_64-linux-gnu/libnss_nis-2.13.so
7f0f9add8000-7f0f9addf000 r-xp 00000000 00:0c 27583405                   /lib/x86_64-linux-gnu/libnss_compat-2.13.so
7f0f9addf000-7f0f9afde000 ---p 00007000 00:0c 27583405                   /lib/x86_64-linux-gnu/libnss_compat-2.13.so
7f0f9afde000-7f0f9afdf000 r-xp 00006000 00:0c 27583405                   /lib/x86_64-linux-gnu/libnss_compat-2.13.so
7f0f9afdf000-7f0f9afe0000 rwxp 00007000 00:0c 27583405                   /lib/x86_64-linux-gnu/libnss_compat-2.13.so
7f0f9afe0000-7f0f9afe7000 r-xp 00000000 00:22 3495410                    /dist/local/x86_64=suse64_11.1/java/jdk1.6.0_21/jre/lib/amd64/native_threads/libhpi.so
7f0f9afe7000-7f0f9b0e8000 ---p 00007000 00:22 3495410                    /dist/local/x86_64=suse64_11.1/java/jdk1.6.0_21/jre/lib/amd64/native_threads/libhpi.so
7f0f9b0e8000-7f0f9b0ea000 rwxp 00008000 00:22 3495410                    /dist/local/x86_64=suse64_11.1/java/jdk1.6.0_21/jre/lib/amd64/native_threads/libhpi.so
7f0f9b0ea000-7f0f9b0eb000 rwxp 00000000 00:00 0 
7f0f9b0eb000-7f0f9b100000 r-xp 00000000 00:0c 27583404                   /lib/x86_64-linux-gnu/libnsl-2.13.so
7f0f9b100000-7f0f9b2ff000 ---p 00015000 00:0c 27583404                   /lib/x86_64-linux-gnu/libnsl-2.13.so
7f0f9b2ff000-7f0f9b300000 r-xp 00014000 00:0c 27583404                   /lib/x86_64-linux-gnu/libnsl-2.13.so
7f0f9b300000-7f0f9b301000 rwxp 00015000 00:0c 27583404                   /lib/x86_64-linux-gnu/libnsl-2.13.so
7f0f9b301000-7f0f9b303000 rwxp 00000000 00:00 0 
7f0f9b303000-7f0f9b32b000 r-xp 00000000 00:22 29438287                   /dist/local/x86_64=suse64_11.1/java/jdk1.6.0_21/jre/lib/amd64/libjava.so
7f0f9b32b000-7f0f9b42b000 ---p 00028000 00:22 29438287                   /dist/local/x86_64=suse64_11.1/java/jdk1.6.0_21/jre/lib/amd64/libjava.so
7f0f9b42b000-7f0f9b432000 rwxp 00028000 00:22 29438287                   /dist/local/x86_64=suse64_11.1/java/jdk1.6.0_21/jre/lib/amd64/libjava.so
7f0f9b432000-7f0f9b43f000 r-xp 00000000 00:22 10068144                   /dist/local/x86_64=suse64_11.1/java/jdk1.6.0_21/jre/lib/amd64/libverify.so
7f0f9b43f000-7f0f9b53e000 ---p 0000d000 00:22 10068144                   /dist/local/x86_64=suse64_11.1/java/jdk1.6.0_21/jre/lib/amd64/libverify.so
7f0f9b53e000-7f0f9b541000 rwxp 0000c000 00:22 10068144                   /dist/local/x86_64=suse64_11.1/java/jdk1.6.0_21/jre/lib/amd64/libverify.so
7f0f9b541000-7f0f9b548000 r-xp 00000000 00:0c 29728457                   /lib/x86_64-linux-gnu/librt-2.13.so
7f0f9b548000-7f0f9b747000 ---p 00007000 00:0c 29728457                   /lib/x86_64-linux-gnu/librt-2.13.so
7f0f9b747000-7f0f9b748000 r-xp 00006000 00:0c 29728457                   /lib/x86_64-linux-gnu/librt-2.13.so
7f0f9b748000-7f0f9b749000 rwxp 00007000 00:0c 29728457                   /lib/x86_64-linux-gnu/librt-2.13.so
7f0f9b749000-7f0f9b74c000 ---p 00000000 00:00 0 
7f0f9b74c000-7f0f9b84a000 rwxp 00000000 00:00 0                          [stack:9852]
7f0f9b84a000-7f0f9b8cb000 r-xp 00000000 00:0c 27583400                   /lib/x86_64-linux-gnu/libm-2.13.so
7f0f9b8cb000-7f0f9baca000 ---p 00081000 00:0c 27583400                   /lib/x86_64-linux-gnu/libm-2.13.so
7f0f9baca000-7f0f9bacb000 r-xp 00080000 00:0c 27583400                   /lib/x86_64-linux-gnu/libm-2.13.so
7f0f9bacb000-7f0f9bacc000 rwxp 00081000 00:0c 27583400                   /lib/x86_64-linux-gnu/libm-2.13.so
7f0f9bacc000-7f0f9c2a6000 r-xp 00000000 00:22 33146673                   /dist/local/x86_64=suse64_11.1/java/jdk1.6.0_21/jre/lib/amd64/server/libjvm.so
7f0f9c2a6000-7f0f9c3a8000 ---p 007da000 00:22 33146673                   /dist/local/x86_64=suse64_11.1/java/jdk1.6.0_21/jre/lib/amd64/server/libjvm.so
7f0f9c3a8000-7f0f9c539000 rwxp 007dc000 00:22 33146673                   /dist/local/x86_64=suse64_11.1/java/jdk1.6.0_21/jre/lib/amd64/server/libjvm.so
7f0f9c539000-7f0f9c574000 rwxp 00000000 00:00 0 
7f0f9c574000-7f0f9c6f1000 r-xp 00000000 00:0c 15887328                   /lib/x86_64-linux-gnu/libc-2.13.so
7f0f9c6f1000-7f0f9c8f1000 ---p 0017d000 00:0c 15887328                   /lib/x86_64-linux-gnu/libc-2.13.so
7f0f9c8f1000-7f0f9c8f5000 r-xp 0017d000 00:0c 15887328                   /lib/x86_64-linux-gnu/libc-2.13.so
7f0f9c8f5000-7f0f9c8f6000 rwxp 00181000 00:0c 15887328                   /lib/x86_64-linux-gnu/libc-2.13.so
7f0f9c8f6000-7f0f9c8fb000 rwxp 00000000 00:00 0 
7f0f9c8fb000-7f0f9c8fd000 r-xp 00000000 00:0c 15887333                   /lib/x86_64-linux-gnu/libdl-2.13.so
7f0f9c8fd000-7f0f9cafd000 ---p 00002000 00:0c 15887333                   /lib/x86_64-linux-gnu/libdl-2.13.so
7f0f9cafd000-7f0f9cafe000 r-xp 00002000 00:0c 15887333                   /lib/x86_64-linux-gnu/libdl-2.13.so
7f0f9cafe000-7f0f9caff000 rwxp 00003000 00:0c 15887333                   /lib/x86_64-linux-gnu/libdl-2.13.so
7f0f9caff000-7f0f9cb16000 r-xp 00000000 00:0c 29728453                   /lib/x86_64-linux-gnu/libpthread-2.13.so
7f0f9cb16000-7f0f9cd15000 ---p 00017000 00:0c 29728453                   /lib/x86_64-linux-gnu/libpthread-2.13.so
7f0f9cd15000-7f0f9cd16000 r-xp 00016000 00:0c 29728453                   /lib/x86_64-linux-gnu/libpthread-2.13.so
7f0f9cd16000-7f0f9cd17000 rwxp 00017000 00:0c 29728453                   /lib/x86_64-linux-gnu/libpthread-2.13.so
7f0f9cd17000-7f0f9cd1b000 rwxp 00000000 00:00 0 
7f0f9cd1b000-7f0f9cd3b000 r-xp 00000000 00:0c 15887320                   /lib/x86_64-linux-gnu/ld-2.13.so
7f0f9cdc8000-7f0f9cdf3000 rwxp 00000000 00:00 0 
7f0f9cdf3000-7f0f9cdfa000 r-xp 00000000 00:22 21624750                   /dist/local/x86_64=suse64_11.1/java/jdk1.6.0_21/jre/lib/amd64/jli/libjli.so
7f0f9cdfa000-7f0f9cefb000 ---p 00007000 00:22 21624750                   /dist/local/x86_64=suse64_11.1/java/jdk1.6.0_21/jre/lib/amd64/jli/libjli.so
7f0f9cefb000-7f0f9cefd000 rwxp 00008000 00:22 21624750                   /dist/local/x86_64=suse64_11.1/java/jdk1.6.0_21/jre/lib/amd64/jli/libjli.so
7f0f9cefd000-7f0f9cefe000 rwxp 00000000 00:00 0 
7f0f9cf04000-7f0f9cf0f000 rwxp 00000000 00:00 0 
7f0f9cf0f000-7f0f9cf2e000 rwxp 00000000 00:00 0 
7f0f9cf2e000-7f0f9cf36000 rwxs 00000000 08:03 459                        /tmp/hsperfdata_may11/9847
7f0f9cf36000-7f0f9cf37000 rwxp 00000000 00:00 0 
7f0f9cf37000-7f0f9cf38000 r-xp 00000000 00:00 0 
7f0f9cf38000-7f0f9cf3a000 rwxp 00000000 00:00 0 
7f0f9cf3a000-7f0f9cf3b000 r-xp 0001f000 00:0c 15887320                   /lib/x86_64-linux-gnu/ld-2.13.so
7f0f9cf3b000-7f0f9cf3c000 rwxp 00020000 00:0c 15887320                   /lib/x86_64-linux-gnu/ld-2.13.so
7f0f9cf3c000-7f0f9cf3d000 rwxp 00000000 00:00 0 
7fff76441000-7fff76462000 rwxp 00000000 00:00 0                          [stack]
7fff76541000-7fff76542000 r-xp 00000000 00:00 0                          [vdso]
ffffffffff600000-ffffffffff601000 r-xp 00000000 00:00 0                  [vsyscall]

VM Arguments:
jvm_args: -Dfile.encoding=UTF-8 -Xbootclasspath:/usr/local/android/android-sdk-current/platforms/android-17/android.jar 
java_command: com.meet.walkamile.Position
Launcher Type: SUN_STANDARD

Environment Variables:
JAVA_HOME=/usr/local/java/current
CLASSPATH=/cs/_/meet/Y2/lib/smack.jar:/cs/_/meet/Y2/lib/smackx.jar:/cs/_/meet/Y2/lib/smackx-debug.jar:/cs/_/meet/Y2/lib/smackx-jingle.jar:/cs/_/meet/Y2/bin/:.
PATH=.:/usr/local/bin:/usr/bin:/bin:/usr/games:/usr/X11R6/bin:/usr/local/java/current/bin:/usr/bin/mh:/usr/lib/mh:/usr/local/java/leJOS/bin:/cs/_/meet/bin/
LD_LIBRARY_PATH=/dist/local/x86_64=suse64_11.1/java/jdk1.6.0_21/jre/lib/amd64/server:/dist/local/x86_64=suse64_11.1/java/jdk1.6.0_21/jre/lib/amd64:/dist/local/x86_64=suse64_11.1/java/jdk1.6.0_21/jre/../lib/amd64
SHELL=/bin/csh
DISPLAY=:0
HOSTTYPE=x86_64-linux
OSTYPE=linux
MACHTYPE=x86_64

Signal Handlers:
SIGSEGV: [libjvm.so+0x7310d0], sa_mask[0]=0x7ffbfeff, sa_flags=0x10000004
SIGBUS: [libjvm.so+0x7310d0], sa_mask[0]=0x7ffbfeff, sa_flags=0x10000004
SIGFPE: [libjvm.so+0x5f5cb0], sa_mask[0]=0x7ffbfeff, sa_flags=0x10000004
SIGPIPE: [libjvm.so+0x5f5cb0], sa_mask[0]=0x7ffbfeff, sa_flags=0x10000004
SIGXFSZ: [libjvm.so+0x5f5cb0], sa_mask[0]=0x7ffbfeff, sa_flags=0x10000004
SIGILL: [libjvm.so+0x5f5cb0], sa_mask[0]=0x7ffbfeff, sa_flags=0x10000004
SIGUSR1: SIG_DFL, sa_mask[0]=0x00000000, sa_flags=0x00000000
SIGUSR2: [libjvm.so+0x5f84d0], sa_mask[0]=0x00000004, sa_flags=0x10000004
SIGHUP: SIG_DFL, sa_mask[0]=0x00000000, sa_flags=0x00000000
SIGINT: SIG_DFL, sa_mask[0]=0x00000000, sa_flags=0x00000000
SIGTERM: SIG_DFL, sa_mask[0]=0x00000000, sa_flags=0x00000000
SIGQUIT: SIG_DFL, sa_mask[0]=0x00000000, sa_flags=0x00000000


---------------  S Y S T E M  ---------------

OS:wheezy/sid

uname:Linux 3.8.10-ass-aufs-mos-1 #1 SMP Sun Apr 28 14:29:51 IDT 2013 x86_64
libc:glibc 2.13 NPTL 2.13 
rlimit: STACK 8192k, CORE 0k, NPROC 29672, NOFILE 4096, AS infinity
load average:0.14 0.07 0.10

CPU:total 4 (4 cores per cpu, 1 threads per core) family 6 model 23 stepping 10, cmov, cx8, fxsr, mmx, sse, sse2, sse3, ssse3, sse4.1

Memory: 4k page, physical 3798844k(1288896k free), swap 7999996k(7999996k free)

vm_info: Java HotSpot(TM) 64-Bit Server VM (17.0-b14) for linux-amd64 JRE (1.6.0_21-ea-b04), built on May  5 2010 01:07:09 by "java_re" with gcc 3.2.2 (SuSE Linux)

time: Sun Jun 30 15:43:50 2013
elapsed time: 0 seconds

