#
# A fatal error has been detected by the Java Runtime Environment:
#
#  Internal Error (classFileParser.cpp:3161), pid=6005, tid=140323817629440
#  Error: ShouldNotReachHere()
#
# JRE version: 6.0_21-b04
# Java VM: Java HotSpot(TM) 64-Bit Server VM (17.0-b14 mixed mode linux-amd64 )
# If you would like to submit a bug report, please visit:
#   http://java.sun.com/webapps/bugreport/crash.jsp
#

---------------  T H R E A D  ---------------

Current thread (0x0000000040734000):  JavaThread "Unknown thread" [_thread_in_vm, id=6011, stack(0x00007f9faf3da000,0x00007f9faf4db000)]

Stack: [0x00007f9faf3da000,0x00007f9faf4db000],  sp=0x00007f9faf4d9140,  free space=3fc0000000000000018k
Native frames: (J=compiled Java code, j=interpreted, Vv=VM code, C=native code)
V  [libjvm.so+0x730520]
V  [libjvm.so+0x2f32c2]
V  [libjvm.so+0x281da4]
V  [libjvm.so+0x288234]
V  [libjvm.so+0x6c19cf]
V  [libjvm.so+0x6bfb5b]
V  [libjvm.so+0x6be9f1]
V  [libjvm.so+0x6be663]
V  [libjvm.so+0x6c3050]
V  [libjvm.so+0x6c30e5]
V  [libjvm.so+0x6c31c5]
V  [libjvm.so+0x6c2f88]
V  [libjvm.so+0x7084b8]
V  [libjvm.so+0x70a329]
V  [libjvm.so+0x3b55d8]
V  [libjvm.so+0x6f1bdf]
V  [libjvm.so+0x41ff60]


---------------  P R O C E S S  ---------------

Java Threads: ( => current thread )

Other Threads:

=>0x0000000040734000 (exited) JavaThread "Unknown thread" [_thread_in_vm, id=6011, stack(0x00007f9faf3da000,0x00007f9faf4db000)]

VM state:not at safepoint (not fully initialized)

VM Mutex/Monitor currently owned by a thread: None

Dynamic libraries:
40000000-40009000 r-xp 00000000 00:22 24880134                           /dist/local/x86_64=suse64_11.1/java/jdk1.6.0_21/bin/java
40108000-4010a000 rwxp 00008000 00:22 24880134                           /dist/local/x86_64=suse64_11.1/java/jdk1.6.0_21/bin/java
4072a000-4074b000 rwxp 00000000 00:00 0                                  [heap]
7f9f64000000-7f9f6405c000 rwxp 00000000 00:00 0 
7f9f6405c000-7f9f68000000 ---p 00000000 00:00 0 
7f9f6b46d000-7f9f6b52b000 r-xs 0103e000 00:22 27496760                   /dist/local/x86_64.debian64_dev/android/android-sdk-linux_x86_r09/platforms/android-14/android.jar
7f9f6b52b000-7f9f6b52c000 ---p 00000000 00:00 0 
7f9f6b52c000-7f9f6b62c000 rwxp 00000000 00:00 0                          [stack:6015]
7f9f6b62c000-7f9f6b62d000 ---p 00000000 00:00 0 
7f9f6b62d000-7f9f6b72d000 rwxp 00000000 00:00 0                          [stack:6014]
7f9f6b72d000-7f9f6b72e000 ---p 00000000 00:00 0 
7f9f6b72e000-7f9f6b82e000 rwxp 00000000 00:00 0                          [stack:6013]
7f9f6b82e000-7f9f6b82f000 ---p 00000000 00:00 0 
7f9f6b82f000-7f9f6b943000 rwxp 00000000 00:00 0                          [stack:6012]
7f9f6b943000-7f9f6ba65000 rwxp 00000000 00:00 0 
7f9f6ba65000-7f9f6ba70000 rwxp 00000000 00:00 0 
7f9f6ba70000-7f9f6ba8f000 rwxp 00000000 00:00 0 
7f9f6ba8f000-7f9f6baa3000 rwxp 00000000 00:00 0 
7f9f6baa3000-7f9f6bbc4000 rwxp 00000000 00:00 0 
7f9f6bbc4000-7f9f6bbce000 rwxp 00000000 00:00 0 
7f9f6bbce000-7f9f6bc5f000 rwxp 00000000 00:00 0 
7f9f6bc5f000-7f9f6d120000 rwxp 00000000 00:00 0 
7f9f6d120000-7f9f71060000 rwxp 00000000 00:00 0 
7f9f71060000-7f9f73710000 rwxp 00000000 00:00 0 
7f9f73710000-7f9f97b10000 rwxp 00000000 00:00 0 
7f9f97b10000-7f9f98e60000 rwxp 00000000 00:00 0 
7f9f98e60000-7f9fab060000 rwxp 00000000 00:00 0 
7f9fab062000-7f9fab06c000 rwxp 00000000 00:00 0 
7f9fab06c000-7f9fab122000 rwxp 00000000 00:00 0 
7f9fab122000-7f9fab392000 rwxp 00000000 00:00 0 
7f9fab392000-7f9fae122000 rwxp 00000000 00:00 0 
7f9fae122000-7f9fae130000 r-xp 00000000 00:22 10068149                   /dist/local/x86_64=suse64_11.1/java/jdk1.6.0_21/jre/lib/amd64/libzip.so
7f9fae130000-7f9fae232000 ---p 0000e000 00:22 10068149                   /dist/local/x86_64=suse64_11.1/java/jdk1.6.0_21/jre/lib/amd64/libzip.so
7f9fae232000-7f9fae235000 rwxp 00010000 00:22 10068149                   /dist/local/x86_64=suse64_11.1/java/jdk1.6.0_21/jre/lib/amd64/libzip.so
7f9fae235000-7f9fae236000 rwxp 00000000 00:00 0 
7f9fae236000-7f9fae249000 r-xp 00000000 00:0c 29728456                   /lib/x86_64-linux-gnu/libresolv-2.13.so
7f9fae249000-7f9fae448000 ---p 00013000 00:0c 29728456                   /lib/x86_64-linux-gnu/libresolv-2.13.so
7f9fae448000-7f9fae449000 r-xp 00012000 00:0c 29728456                   /lib/x86_64-linux-gnu/libresolv-2.13.so
7f9fae449000-7f9fae44a000 rwxp 00013000 00:0c 29728456                   /lib/x86_64-linux-gnu/libresolv-2.13.so
7f9fae44a000-7f9fae44c000 rwxp 00000000 00:00 0 
7f9fae44c000-7f9fae451000 r-xp 00000000 00:0c 13866799                   /usr/lib/libnss_hujihs.so.2
7f9fae451000-7f9fae650000 ---p 00005000 00:0c 13866799                   /usr/lib/libnss_hujihs.so.2
7f9fae650000-7f9fae651000 r-xp 00004000 00:0c 13866799                   /usr/lib/libnss_hujihs.so.2
7f9fae651000-7f9fae652000 rwxp 00005000 00:0c 13866799                   /usr/lib/libnss_hujihs.so.2
7f9fae652000-7f9fae65d000 r-xp 00000000 00:0c 27583407                   /lib/x86_64-linux-gnu/libnss_files-2.13.so
7f9fae65d000-7f9fae85c000 ---p 0000b000 00:0c 27583407                   /lib/x86_64-linux-gnu/libnss_files-2.13.so
7f9fae85c000-7f9fae85d000 r-xp 0000a000 00:0c 27583407                   /lib/x86_64-linux-gnu/libnss_files-2.13.so
7f9fae85d000-7f9fae85e000 rwxp 0000b000 00:0c 27583407                   /lib/x86_64-linux-gnu/libnss_files-2.13.so
7f9fae85e000-7f9fae868000 r-xp 00000000 00:0c 27583410                   /lib/x86_64-linux-gnu/libnss_nis-2.13.so
7f9fae868000-7f9faea67000 ---p 0000a000 00:0c 27583410                   /lib/x86_64-linux-gnu/libnss_nis-2.13.so
7f9faea67000-7f9faea68000 r-xp 00009000 00:0c 27583410                   /lib/x86_64-linux-gnu/libnss_nis-2.13.so
7f9faea68000-7f9faea69000 rwxp 0000a000 00:0c 27583410                   /lib/x86_64-linux-gnu/libnss_nis-2.13.so
7f9faea69000-7f9faea70000 r-xp 00000000 00:0c 27583405                   /lib/x86_64-linux-gnu/libnss_compat-2.13.so
7f9faea70000-7f9faec6f000 ---p 00007000 00:0c 27583405                   /lib/x86_64-linux-gnu/libnss_compat-2.13.so
7f9faec6f000-7f9faec70000 r-xp 00006000 00:0c 27583405                   /lib/x86_64-linux-gnu/libnss_compat-2.13.so
7f9faec70000-7f9faec71000 rwxp 00007000 00:0c 27583405                   /lib/x86_64-linux-gnu/libnss_compat-2.13.so
7f9faec71000-7f9faec78000 r-xp 00000000 00:22 3495410                    /dist/local/x86_64=suse64_11.1/java/jdk1.6.0_21/jre/lib/amd64/native_threads/libhpi.so
7f9faec78000-7f9faed79000 ---p 00007000 00:22 3495410                    /dist/local/x86_64=suse64_11.1/java/jdk1.6.0_21/jre/lib/amd64/native_threads/libhpi.so
7f9faed79000-7f9faed7b000 rwxp 00008000 00:22 3495410                    /dist/local/x86_64=suse64_11.1/java/jdk1.6.0_21/jre/lib/amd64/native_threads/libhpi.so
7f9faed7b000-7f9faed7c000 rwxp 00000000 00:00 0 
7f9faed7c000-7f9faed91000 r-xp 00000000 00:0c 27583404                   /lib/x86_64-linux-gnu/libnsl-2.13.so
7f9faed91000-7f9faef90000 ---p 00015000 00:0c 27583404                   /lib/x86_64-linux-gnu/libnsl-2.13.so
7f9faef90000-7f9faef91000 r-xp 00014000 00:0c 27583404                   /lib/x86_64-linux-gnu/libnsl-2.13.so
7f9faef91000-7f9faef92000 rwxp 00015000 00:0c 27583404                   /lib/x86_64-linux-gnu/libnsl-2.13.so
7f9faef92000-7f9faef94000 rwxp 00000000 00:00 0 
7f9faef94000-7f9faefbc000 r-xp 00000000 00:22 29438287                   /dist/local/x86_64=suse64_11.1/java/jdk1.6.0_21/jre/lib/amd64/libjava.so
7f9faefbc000-7f9faf0bc000 ---p 00028000 00:22 29438287                   /dist/local/x86_64=suse64_11.1/java/jdk1.6.0_21/jre/lib/amd64/libjava.so
7f9faf0bc000-7f9faf0c3000 rwxp 00028000 00:22 29438287                   /dist/local/x86_64=suse64_11.1/java/jdk1.6.0_21/jre/lib/amd64/libjava.so
7f9faf0c3000-7f9faf0d0000 r-xp 00000000 00:22 10068144                   /dist/local/x86_64=suse64_11.1/java/jdk1.6.0_21/jre/lib/amd64/libverify.so
7f9faf0d0000-7f9faf1cf000 ---p 0000d000 00:22 10068144                   /dist/local/x86_64=suse64_11.1/java/jdk1.6.0_21/jre/lib/amd64/libverify.so
7f9faf1cf000-7f9faf1d2000 rwxp 0000c000 00:22 10068144                   /dist/local/x86_64=suse64_11.1/java/jdk1.6.0_21/jre/lib/amd64/libverify.so
7f9faf1d2000-7f9faf1d9000 r-xp 00000000 00:0c 29728457                   /lib/x86_64-linux-gnu/librt-2.13.so
7f9faf1d9000-7f9faf3d8000 ---p 00007000 00:0c 29728457                   /lib/x86_64-linux-gnu/librt-2.13.so
7f9faf3d8000-7f9faf3d9000 r-xp 00006000 00:0c 29728457                   /lib/x86_64-linux-gnu/librt-2.13.so
7f9faf3d9000-7f9faf3da000 rwxp 00007000 00:0c 29728457                   /lib/x86_64-linux-gnu/librt-2.13.so
7f9faf3da000-7f9faf3dd000 ---p 00000000 00:00 0 
7f9faf3dd000-7f9faf4db000 rwxp 00000000 00:00 0                          [stack:6011]
7f9faf4db000-7f9faf55c000 r-xp 00000000 00:0c 27583400                   /lib/x86_64-linux-gnu/libm-2.13.so
7f9faf55c000-7f9faf75b000 ---p 00081000 00:0c 27583400                   /lib/x86_64-linux-gnu/libm-2.13.so
7f9faf75b000-7f9faf75c000 r-xp 00080000 00:0c 27583400                   /lib/x86_64-linux-gnu/libm-2.13.so
7f9faf75c000-7f9faf75d000 rwxp 00081000 00:0c 27583400                   /lib/x86_64-linux-gnu/libm-2.13.so
7f9faf75d000-7f9faff37000 r-xp 00000000 00:22 33146673                   /dist/local/x86_64=suse64_11.1/java/jdk1.6.0_21/jre/lib/amd64/server/libjvm.so
7f9faff37000-7f9fb0039000 ---p 007da000 00:22 33146673                   /dist/local/x86_64=suse64_11.1/java/jdk1.6.0_21/jre/lib/amd64/server/libjvm.so
7f9fb0039000-7f9fb01ca000 rwxp 007dc000 00:22 33146673                   /dist/local/x86_64=suse64_11.1/java/jdk1.6.0_21/jre/lib/amd64/server/libjvm.so
7f9fb01ca000-7f9fb0205000 rwxp 00000000 00:00 0 
7f9fb0205000-7f9fb0382000 r-xp 00000000 00:0c 15887328                   /lib/x86_64-linux-gnu/libc-2.13.so
7f9fb0382000-7f9fb0582000 ---p 0017d000 00:0c 15887328                   /lib/x86_64-linux-gnu/libc-2.13.so
7f9fb0582000-7f9fb0586000 r-xp 0017d000 00:0c 15887328                   /lib/x86_64-linux-gnu/libc-2.13.so
7f9fb0586000-7f9fb0587000 rwxp 00181000 00:0c 15887328                   /lib/x86_64-linux-gnu/libc-2.13.so
7f9fb0587000-7f9fb058c000 rwxp 00000000 00:00 0 
7f9fb058c000-7f9fb058e000 r-xp 00000000 00:0c 15887333                   /lib/x86_64-linux-gnu/libdl-2.13.so
7f9fb058e000-7f9fb078e000 ---p 00002000 00:0c 15887333                   /lib/x86_64-linux-gnu/libdl-2.13.so
7f9fb078e000-7f9fb078f000 r-xp 00002000 00:0c 15887333                   /lib/x86_64-linux-gnu/libdl-2.13.so
7f9fb078f000-7f9fb0790000 rwxp 00003000 00:0c 15887333                   /lib/x86_64-linux-gnu/libdl-2.13.so
7f9fb0790000-7f9fb07a7000 r-xp 00000000 00:0c 29728453                   /lib/x86_64-linux-gnu/libpthread-2.13.so
7f9fb07a7000-7f9fb09a6000 ---p 00017000 00:0c 29728453                   /lib/x86_64-linux-gnu/libpthread-2.13.so
7f9fb09a6000-7f9fb09a7000 r-xp 00016000 00:0c 29728453                   /lib/x86_64-linux-gnu/libpthread-2.13.so
7f9fb09a7000-7f9fb09a8000 rwxp 00017000 00:0c 29728453                   /lib/x86_64-linux-gnu/libpthread-2.13.so
7f9fb09a8000-7f9fb09ac000 rwxp 00000000 00:00 0 
7f9fb09ac000-7f9fb09cc000 r-xp 00000000 00:0c 15887320                   /lib/x86_64-linux-gnu/ld-2.13.so
7f9fb0a59000-7f9fb0a84000 rwxp 00000000 00:00 0 
7f9fb0a84000-7f9fb0a8b000 r-xp 00000000 00:22 21624750                   /dist/local/x86_64=suse64_11.1/java/jdk1.6.0_21/jre/lib/amd64/jli/libjli.so
7f9fb0a8b000-7f9fb0b8c000 ---p 00007000 00:22 21624750                   /dist/local/x86_64=suse64_11.1/java/jdk1.6.0_21/jre/lib/amd64/jli/libjli.so
7f9fb0b8c000-7f9fb0b8e000 rwxp 00008000 00:22 21624750                   /dist/local/x86_64=suse64_11.1/java/jdk1.6.0_21/jre/lib/amd64/jli/libjli.so
7f9fb0b8e000-7f9fb0b8f000 rwxp 00000000 00:00 0 
7f9fb0b95000-7f9fb0ba0000 rwxp 00000000 00:00 0 
7f9fb0ba0000-7f9fb0bbf000 rwxp 00000000 00:00 0 
7f9fb0bbf000-7f9fb0bc7000 rwxs 00000000 08:03 778                        /tmp/hsperfdata_may11/6005
7f9fb0bc7000-7f9fb0bc8000 rwxp 00000000 00:00 0 
7f9fb0bc8000-7f9fb0bc9000 r-xp 00000000 00:00 0 
7f9fb0bc9000-7f9fb0bcb000 rwxp 00000000 00:00 0 
7f9fb0bcb000-7f9fb0bcc000 r-xp 0001f000 00:0c 15887320                   /lib/x86_64-linux-gnu/ld-2.13.so
7f9fb0bcc000-7f9fb0bcd000 rwxp 00020000 00:0c 15887320                   /lib/x86_64-linux-gnu/ld-2.13.so
7f9fb0bcd000-7f9fb0bce000 rwxp 00000000 00:00 0 
7fff13910000-7fff13931000 rwxp 00000000 00:00 0                          [stack]
7fff139ff000-7fff13a00000 r-xp 00000000 00:00 0                          [vdso]
ffffffffff600000-ffffffffff601000 r-xp 00000000 00:00 0                  [vsyscall]

VM Arguments:
jvm_args: -Dfile.encoding=UTF-8 -Xbootclasspath:/usr/local/android/android-sdk-current/platforms/android-14/android.jar 
java_command: com.meet.walkamile.Position
Launcher Type: SUN_STANDARD

Environment Variables:
JAVA_HOME=/usr/local/java/current
CLASSPATH=/cs/_/meet/Y2/lib/smack.jar:/cs/_/meet/Y2/lib/smackx.jar:/cs/_/meet/Y2/lib/smackx-debug.jar:/cs/_/meet/Y2/lib/smackx-jingle.jar:/cs/_/meet/Y2/bin/:.
PATH=.:/usr/local/bin:/usr/bin:/bin:/usr/games:/usr/X11R6/bin:/usr/local/java/current/bin:/usr/bin/mh:/usr/lib/mh:/usr/local/java/leJOS/bin:/cs/_/meet/bin/
LD_LIBRARY_PATH=/dist/local/x86_64=suse64_11.1/java/jdk1.6.0_21/jre/lib/amd64/server:/dist/local/x86_64=suse64_11.1/java/jdk1.6.0_21/jre/lib/amd64:/dist/local/x86_64=suse64_11.1/java/jdk1.6.0_21/jre/../lib/amd64
SHELL=/bin/csh
DISPLAY=:0
HOSTTYPE=x86_64-linux
OSTYPE=linux
MACHTYPE=x86_64

Signal Handlers:
SIGSEGV: [libjvm.so+0x7310d0], sa_mask[0]=0x7ffbfeff, sa_flags=0x10000004
SIGBUS: [libjvm.so+0x7310d0], sa_mask[0]=0x7ffbfeff, sa_flags=0x10000004
SIGFPE: [libjvm.so+0x5f5cb0], sa_mask[0]=0x7ffbfeff, sa_flags=0x10000004
SIGPIPE: [libjvm.so+0x5f5cb0], sa_mask[0]=0x7ffbfeff, sa_flags=0x10000004
SIGXFSZ: [libjvm.so+0x5f5cb0], sa_mask[0]=0x7ffbfeff, sa_flags=0x10000004
SIGILL: [libjvm.so+0x5f5cb0], sa_mask[0]=0x7ffbfeff, sa_flags=0x10000004
SIGUSR1: SIG_DFL, sa_mask[0]=0x00000000, sa_flags=0x00000000
SIGUSR2: [libjvm.so+0x5f84d0], sa_mask[0]=0x00000004, sa_flags=0x10000004
SIGHUP: SIG_DFL, sa_mask[0]=0x00000000, sa_flags=0x00000000
SIGINT: SIG_DFL, sa_mask[0]=0x00000000, sa_flags=0x00000000
SIGTERM: SIG_DFL, sa_mask[0]=0x00000000, sa_flags=0x00000000
SIGQUIT: SIG_DFL, sa_mask[0]=0x00000000, sa_flags=0x00000000


---------------  S Y S T E M  ---------------

OS:wheezy/sid

uname:Linux 3.8.10-ass-aufs-mos-1 #1 SMP Sun Apr 28 14:29:51 IDT 2013 x86_64
libc:glibc 2.13 NPTL 2.13 
rlimit: STACK 8192k, CORE 0k, NPROC 29672, NOFILE 4096, AS infinity
load average:0.05 0.08 0.12

CPU:total 4 (4 cores per cpu, 1 threads per core) family 6 model 23 stepping 10, cmov, cx8, fxsr, mmx, sse, sse2, sse3, ssse3, sse4.1

Memory: 4k page, physical 3798844k(1145556k free), swap 7999996k(7999996k free)

vm_info: Java HotSpot(TM) 64-Bit Server VM (17.0-b14) for linux-amd64 JRE (1.6.0_21-ea-b04), built on May  5 2010 01:07:09 by "java_re" with gcc 3.2.2 (SuSE Linux)

time: Fri Jun 28 12:19:40 2013
elapsed time: 0 seconds

