#
# A fatal error has been detected by the Java Runtime Environment:
#
#  Internal Error (classFileParser.cpp:3161), pid=9836, tid=140140286404352
#  Error: ShouldNotReachHere()
#
# JRE version: 6.0_21-b04
# Java VM: Java HotSpot(TM) 64-Bit Server VM (17.0-b14 mixed mode linux-amd64 )
# If you would like to submit a bug report, please visit:
#   http://java.sun.com/webapps/bugreport/crash.jsp
#

---------------  T H R E A D  ---------------

Current thread (0x000000004083d000):  JavaThread "Unknown thread" [_thread_in_vm, id=9842, stack(0x00007f74f3ed6000,0x00007f74f3fd7000)]

Stack: [0x00007f74f3ed6000,0x00007f74f3fd7000],  sp=0x00007f74f3fd5140,  free space=3fc0000000000000018k
Native frames: (J=compiled Java code, j=interpreted, Vv=VM code, C=native code)
V  [libjvm.so+0x730520]
V  [libjvm.so+0x2f32c2]
V  [libjvm.so+0x281da4]
V  [libjvm.so+0x288234]
V  [libjvm.so+0x6c19cf]
V  [libjvm.so+0x6bfb5b]
V  [libjvm.so+0x6be9f1]
V  [libjvm.so+0x6be663]
V  [libjvm.so+0x6c3050]
V  [libjvm.so+0x6c30e5]
V  [libjvm.so+0x6c31c5]
V  [libjvm.so+0x6c2f88]
V  [libjvm.so+0x7084b8]
V  [libjvm.so+0x70a329]
V  [libjvm.so+0x3b55d8]
V  [libjvm.so+0x6f1bdf]
V  [libjvm.so+0x41ff60]


---------------  P R O C E S S  ---------------

Java Threads: ( => current thread )

Other Threads:

=>0x000000004083d000 (exited) JavaThread "Unknown thread" [_thread_in_vm, id=9842, stack(0x00007f74f3ed6000,0x00007f74f3fd7000)]

VM state:not at safepoint (not fully initialized)

VM Mutex/Monitor currently owned by a thread: None

Dynamic libraries:
40000000-40009000 r-xp 00000000 00:22 24880134                           /dist/local/x86_64=suse64_11.1/java/jdk1.6.0_21/bin/java
40108000-4010a000 rwxp 00008000 00:22 24880134                           /dist/local/x86_64=suse64_11.1/java/jdk1.6.0_21/bin/java
40833000-408a5000 rwxp 00000000 00:00 0                                  [heap]
7f74abf3a000-7f74ac000000 r-xs 0116f000 00:22 61408350                   /dist/local/x86_64.debian64_dev/android/android-sdk-linux_x86_r09/platforms/android-17/android.jar
7f74ac000000-7f74ac021000 rwxp 00000000 00:00 0 
7f74ac021000-7f74b0000000 ---p 00000000 00:00 0 
7f74b001b000-7f74b001c000 ---p 00000000 00:00 0 
7f74b001c000-7f74b011c000 rwxp 00000000 00:00 0                          [stack:9846]
7f74b011c000-7f74b011d000 ---p 00000000 00:00 0 
7f74b011d000-7f74b021d000 rwxp 00000000 00:00 0                          [stack:9845]
7f74b021d000-7f74b021e000 ---p 00000000 00:00 0 
7f74b021e000-7f74b031e000 rwxp 00000000 00:00 0                          [stack:9844]
7f74b031e000-7f74b031f000 ---p 00000000 00:00 0 
7f74b031f000-7f74b0433000 rwxp 00000000 00:00 0                          [stack:9843]
7f74b0433000-7f74b0555000 rwxp 00000000 00:00 0 
7f74b0555000-7f74b0560000 rwxp 00000000 00:00 0 
7f74b0560000-7f74b057f000 rwxp 00000000 00:00 0 
7f74b057f000-7f74b0593000 rwxp 00000000 00:00 0 
7f74b0593000-7f74b06b4000 rwxp 00000000 00:00 0 
7f74b06b4000-7f74b06be000 rwxp 00000000 00:00 0 
7f74b06be000-7f74b074f000 rwxp 00000000 00:00 0 
7f74b074f000-7f74b1c10000 rwxp 00000000 00:00 0 
7f74b1c10000-7f74b5b50000 rwxp 00000000 00:00 0 
7f74b5b50000-7f74b8200000 rwxp 00000000 00:00 0 
7f74b8200000-7f74dc600000 rwxp 00000000 00:00 0 
7f74dc600000-7f74dd950000 rwxp 00000000 00:00 0 
7f74dd950000-7f74efb50000 rwxp 00000000 00:00 0 
7f74efb5e000-7f74efb68000 rwxp 00000000 00:00 0 
7f74efb68000-7f74efc1e000 rwxp 00000000 00:00 0 
7f74efc1e000-7f74efe8e000 rwxp 00000000 00:00 0 
7f74efe8e000-7f74f2c1e000 rwxp 00000000 00:00 0 
7f74f2c1e000-7f74f2c2c000 r-xp 00000000 00:22 10068149                   /dist/local/x86_64=suse64_11.1/java/jdk1.6.0_21/jre/lib/amd64/libzip.so
7f74f2c2c000-7f74f2d2e000 ---p 0000e000 00:22 10068149                   /dist/local/x86_64=suse64_11.1/java/jdk1.6.0_21/jre/lib/amd64/libzip.so
7f74f2d2e000-7f74f2d31000 rwxp 00010000 00:22 10068149                   /dist/local/x86_64=suse64_11.1/java/jdk1.6.0_21/jre/lib/amd64/libzip.so
7f74f2d31000-7f74f2d32000 rwxp 00000000 00:00 0 
7f74f2d32000-7f74f2d45000 r-xp 00000000 00:0c 29728456                   /lib/x86_64-linux-gnu/libresolv-2.13.so
7f74f2d45000-7f74f2f44000 ---p 00013000 00:0c 29728456                   /lib/x86_64-linux-gnu/libresolv-2.13.so
7f74f2f44000-7f74f2f45000 r-xp 00012000 00:0c 29728456                   /lib/x86_64-linux-gnu/libresolv-2.13.so
7f74f2f45000-7f74f2f46000 rwxp 00013000 00:0c 29728456                   /lib/x86_64-linux-gnu/libresolv-2.13.so
7f74f2f46000-7f74f2f48000 rwxp 00000000 00:00 0 
7f74f2f48000-7f74f2f4d000 r-xp 00000000 00:0c 13866799                   /usr/lib/libnss_hujihs.so.2
7f74f2f4d000-7f74f314c000 ---p 00005000 00:0c 13866799                   /usr/lib/libnss_hujihs.so.2
7f74f314c000-7f74f314d000 r-xp 00004000 00:0c 13866799                   /usr/lib/libnss_hujihs.so.2
7f74f314d000-7f74f314e000 rwxp 00005000 00:0c 13866799                   /usr/lib/libnss_hujihs.so.2
7f74f314e000-7f74f3159000 r-xp 00000000 00:0c 27583407                   /lib/x86_64-linux-gnu/libnss_files-2.13.so
7f74f3159000-7f74f3358000 ---p 0000b000 00:0c 27583407                   /lib/x86_64-linux-gnu/libnss_files-2.13.so
7f74f3358000-7f74f3359000 r-xp 0000a000 00:0c 27583407                   /lib/x86_64-linux-gnu/libnss_files-2.13.so
7f74f3359000-7f74f335a000 rwxp 0000b000 00:0c 27583407                   /lib/x86_64-linux-gnu/libnss_files-2.13.so
7f74f335a000-7f74f3364000 r-xp 00000000 00:0c 27583410                   /lib/x86_64-linux-gnu/libnss_nis-2.13.so
7f74f3364000-7f74f3563000 ---p 0000a000 00:0c 27583410                   /lib/x86_64-linux-gnu/libnss_nis-2.13.so
7f74f3563000-7f74f3564000 r-xp 00009000 00:0c 27583410                   /lib/x86_64-linux-gnu/libnss_nis-2.13.so
7f74f3564000-7f74f3565000 rwxp 0000a000 00:0c 27583410                   /lib/x86_64-linux-gnu/libnss_nis-2.13.so
7f74f3565000-7f74f356c000 r-xp 00000000 00:0c 27583405                   /lib/x86_64-linux-gnu/libnss_compat-2.13.so
7f74f356c000-7f74f376b000 ---p 00007000 00:0c 27583405                   /lib/x86_64-linux-gnu/libnss_compat-2.13.so
7f74f376b000-7f74f376c000 r-xp 00006000 00:0c 27583405                   /lib/x86_64-linux-gnu/libnss_compat-2.13.so
7f74f376c000-7f74f376d000 rwxp 00007000 00:0c 27583405                   /lib/x86_64-linux-gnu/libnss_compat-2.13.so
7f74f376d000-7f74f3774000 r-xp 00000000 00:22 3495410                    /dist/local/x86_64=suse64_11.1/java/jdk1.6.0_21/jre/lib/amd64/native_threads/libhpi.so
7f74f3774000-7f74f3875000 ---p 00007000 00:22 3495410                    /dist/local/x86_64=suse64_11.1/java/jdk1.6.0_21/jre/lib/amd64/native_threads/libhpi.so
7f74f3875000-7f74f3877000 rwxp 00008000 00:22 3495410                    /dist/local/x86_64=suse64_11.1/java/jdk1.6.0_21/jre/lib/amd64/native_threads/libhpi.so
7f74f3877000-7f74f3878000 rwxp 00000000 00:00 0 
7f74f3878000-7f74f388d000 r-xp 00000000 00:0c 27583404                   /lib/x86_64-linux-gnu/libnsl-2.13.so
7f74f388d000-7f74f3a8c000 ---p 00015000 00:0c 27583404                   /lib/x86_64-linux-gnu/libnsl-2.13.so
7f74f3a8c000-7f74f3a8d000 r-xp 00014000 00:0c 27583404                   /lib/x86_64-linux-gnu/libnsl-2.13.so
7f74f3a8d000-7f74f3a8e000 rwxp 00015000 00:0c 27583404                   /lib/x86_64-linux-gnu/libnsl-2.13.so
7f74f3a8e000-7f74f3a90000 rwxp 00000000 00:00 0 
7f74f3a90000-7f74f3ab8000 r-xp 00000000 00:22 29438287                   /dist/local/x86_64=suse64_11.1/java/jdk1.6.0_21/jre/lib/amd64/libjava.so
7f74f3ab8000-7f74f3bb8000 ---p 00028000 00:22 29438287                   /dist/local/x86_64=suse64_11.1/java/jdk1.6.0_21/jre/lib/amd64/libjava.so
7f74f3bb8000-7f74f3bbf000 rwxp 00028000 00:22 29438287                   /dist/local/x86_64=suse64_11.1/java/jdk1.6.0_21/jre/lib/amd64/libjava.so
7f74f3bbf000-7f74f3bcc000 r-xp 00000000 00:22 10068144                   /dist/local/x86_64=suse64_11.1/java/jdk1.6.0_21/jre/lib/amd64/libverify.so
7f74f3bcc000-7f74f3ccb000 ---p 0000d000 00:22 10068144                   /dist/local/x86_64=suse64_11.1/java/jdk1.6.0_21/jre/lib/amd64/libverify.so
7f74f3ccb000-7f74f3cce000 rwxp 0000c000 00:22 10068144                   /dist/local/x86_64=suse64_11.1/java/jdk1.6.0_21/jre/lib/amd64/libverify.so
7f74f3cce000-7f74f3cd5000 r-xp 00000000 00:0c 29728457                   /lib/x86_64-linux-gnu/librt-2.13.so
7f74f3cd5000-7f74f3ed4000 ---p 00007000 00:0c 29728457                   /lib/x86_64-linux-gnu/librt-2.13.so
7f74f3ed4000-7f74f3ed5000 r-xp 00006000 00:0c 29728457                   /lib/x86_64-linux-gnu/librt-2.13.so
7f74f3ed5000-7f74f3ed6000 rwxp 00007000 00:0c 29728457                   /lib/x86_64-linux-gnu/librt-2.13.so
7f74f3ed6000-7f74f3ed9000 ---p 00000000 00:00 0 
7f74f3ed9000-7f74f3fd7000 rwxp 00000000 00:00 0                          [stack:9842]
7f74f3fd7000-7f74f4058000 r-xp 00000000 00:0c 27583400                   /lib/x86_64-linux-gnu/libm-2.13.so
7f74f4058000-7f74f4257000 ---p 00081000 00:0c 27583400                   /lib/x86_64-linux-gnu/libm-2.13.so
7f74f4257000-7f74f4258000 r-xp 00080000 00:0c 27583400                   /lib/x86_64-linux-gnu/libm-2.13.so
7f74f4258000-7f74f4259000 rwxp 00081000 00:0c 27583400                   /lib/x86_64-linux-gnu/libm-2.13.so
7f74f4259000-7f74f4a33000 r-xp 00000000 00:22 33146673                   /dist/local/x86_64=suse64_11.1/java/jdk1.6.0_21/jre/lib/amd64/server/libjvm.so
7f74f4a33000-7f74f4b35000 ---p 007da000 00:22 33146673                   /dist/local/x86_64=suse64_11.1/java/jdk1.6.0_21/jre/lib/amd64/server/libjvm.so
7f74f4b35000-7f74f4cc6000 rwxp 007dc000 00:22 33146673                   /dist/local/x86_64=suse64_11.1/java/jdk1.6.0_21/jre/lib/amd64/server/libjvm.so
7f74f4cc6000-7f74f4d01000 rwxp 00000000 00:00 0 
7f74f4d01000-7f74f4e7e000 r-xp 00000000 00:0c 15887328                   /lib/x86_64-linux-gnu/libc-2.13.so
7f74f4e7e000-7f74f507e000 ---p 0017d000 00:0c 15887328                   /lib/x86_64-linux-gnu/libc-2.13.so
7f74f507e000-7f74f5082000 r-xp 0017d000 00:0c 15887328                   /lib/x86_64-linux-gnu/libc-2.13.so
7f74f5082000-7f74f5083000 rwxp 00181000 00:0c 15887328                   /lib/x86_64-linux-gnu/libc-2.13.so
7f74f5083000-7f74f5088000 rwxp 00000000 00:00 0 
7f74f5088000-7f74f508a000 r-xp 00000000 00:0c 15887333                   /lib/x86_64-linux-gnu/libdl-2.13.so
7f74f508a000-7f74f528a000 ---p 00002000 00:0c 15887333                   /lib/x86_64-linux-gnu/libdl-2.13.so
7f74f528a000-7f74f528b000 r-xp 00002000 00:0c 15887333                   /lib/x86_64-linux-gnu/libdl-2.13.so
7f74f528b000-7f74f528c000 rwxp 00003000 00:0c 15887333                   /lib/x86_64-linux-gnu/libdl-2.13.so
7f74f528c000-7f74f52a3000 r-xp 00000000 00:0c 29728453                   /lib/x86_64-linux-gnu/libpthread-2.13.so
7f74f52a3000-7f74f54a2000 ---p 00017000 00:0c 29728453                   /lib/x86_64-linux-gnu/libpthread-2.13.so
7f74f54a2000-7f74f54a3000 r-xp 00016000 00:0c 29728453                   /lib/x86_64-linux-gnu/libpthread-2.13.so
7f74f54a3000-7f74f54a4000 rwxp 00017000 00:0c 29728453                   /lib/x86_64-linux-gnu/libpthread-2.13.so
7f74f54a4000-7f74f54a8000 rwxp 00000000 00:00 0 
7f74f54a8000-7f74f54c8000 r-xp 00000000 00:0c 15887320                   /lib/x86_64-linux-gnu/ld-2.13.so
7f74f5555000-7f74f5580000 rwxp 00000000 00:00 0 
7f74f5580000-7f74f5587000 r-xp 00000000 00:22 21624750                   /dist/local/x86_64=suse64_11.1/java/jdk1.6.0_21/jre/lib/amd64/jli/libjli.so
7f74f5587000-7f74f5688000 ---p 00007000 00:22 21624750                   /dist/local/x86_64=suse64_11.1/java/jdk1.6.0_21/jre/lib/amd64/jli/libjli.so
7f74f5688000-7f74f568a000 rwxp 00008000 00:22 21624750                   /dist/local/x86_64=suse64_11.1/java/jdk1.6.0_21/jre/lib/amd64/jli/libjli.so
7f74f568a000-7f74f568b000 rwxp 00000000 00:00 0 
7f74f5691000-7f74f569c000 rwxp 00000000 00:00 0 
7f74f569c000-7f74f56bb000 rwxp 00000000 00:00 0 
7f74f56bb000-7f74f56c3000 rwxs 00000000 08:03 427                        /tmp/hsperfdata_may11/9836
7f74f56c3000-7f74f56c4000 rwxp 00000000 00:00 0 
7f74f56c4000-7f74f56c5000 r-xp 00000000 00:00 0 
7f74f56c5000-7f74f56c7000 rwxp 00000000 00:00 0 
7f74f56c7000-7f74f56c8000 r-xp 0001f000 00:0c 15887320                   /lib/x86_64-linux-gnu/ld-2.13.so
7f74f56c8000-7f74f56c9000 rwxp 00020000 00:0c 15887320                   /lib/x86_64-linux-gnu/ld-2.13.so
7f74f56c9000-7f74f56ca000 rwxp 00000000 00:00 0 
7fffa529f000-7fffa52c0000 rwxp 00000000 00:00 0                          [stack]
7fffa53ff000-7fffa5400000 r-xp 00000000 00:00 0                          [vdso]
ffffffffff600000-ffffffffff601000 r-xp 00000000 00:00 0                  [vsyscall]

VM Arguments:
jvm_args: -Dfile.encoding=UTF-8 -Xbootclasspath:/usr/local/android/android-sdk-current/platforms/android-17/android.jar 
java_command: com.meet.walkamile.Position
Launcher Type: SUN_STANDARD

Environment Variables:
JAVA_HOME=/usr/local/java/current
CLASSPATH=/cs/_/meet/Y2/lib/smack.jar:/cs/_/meet/Y2/lib/smackx.jar:/cs/_/meet/Y2/lib/smackx-debug.jar:/cs/_/meet/Y2/lib/smackx-jingle.jar:/cs/_/meet/Y2/bin/:.
PATH=.:/usr/local/bin:/usr/bin:/bin:/usr/games:/usr/X11R6/bin:/usr/local/java/current/bin:/usr/bin/mh:/usr/lib/mh:/usr/local/java/leJOS/bin:/cs/_/meet/bin/
LD_LIBRARY_PATH=/dist/local/x86_64=suse64_11.1/java/jdk1.6.0_21/jre/lib/amd64/server:/dist/local/x86_64=suse64_11.1/java/jdk1.6.0_21/jre/lib/amd64:/dist/local/x86_64=suse64_11.1/java/jdk1.6.0_21/jre/../lib/amd64
SHELL=/bin/csh
DISPLAY=:0
HOSTTYPE=x86_64-linux
OSTYPE=linux
MACHTYPE=x86_64

Signal Handlers:
SIGSEGV: [libjvm.so+0x7310d0], sa_mask[0]=0x7ffbfeff, sa_flags=0x10000004
SIGBUS: [libjvm.so+0x7310d0], sa_mask[0]=0x7ffbfeff, sa_flags=0x10000004
SIGFPE: [libjvm.so+0x5f5cb0], sa_mask[0]=0x7ffbfeff, sa_flags=0x10000004
SIGPIPE: [libjvm.so+0x5f5cb0], sa_mask[0]=0x7ffbfeff, sa_flags=0x10000004
SIGXFSZ: [libjvm.so+0x5f5cb0], sa_mask[0]=0x7ffbfeff, sa_flags=0x10000004
SIGILL: [libjvm.so+0x5f5cb0], sa_mask[0]=0x7ffbfeff, sa_flags=0x10000004
SIGUSR1: SIG_DFL, sa_mask[0]=0x00000000, sa_flags=0x00000000
SIGUSR2: [libjvm.so+0x5f84d0], sa_mask[0]=0x00000004, sa_flags=0x10000004
SIGHUP: SIG_DFL, sa_mask[0]=0x00000000, sa_flags=0x00000000
SIGINT: SIG_DFL, sa_mask[0]=0x00000000, sa_flags=0x00000000
SIGTERM: SIG_DFL, sa_mask[0]=0x00000000, sa_flags=0x00000000
SIGQUIT: SIG_DFL, sa_mask[0]=0x00000000, sa_flags=0x00000000


---------------  S Y S T E M  ---------------

OS:wheezy/sid

uname:Linux 3.8.10-ass-aufs-mos-1 #1 SMP Sun Apr 28 14:29:51 IDT 2013 x86_64
libc:glibc 2.13 NPTL 2.13 
rlimit: STACK 8192k, CORE 0k, NPROC 29672, NOFILE 4096, AS infinity
load average:0.09 0.06 0.10

CPU:total 4 (4 cores per cpu, 1 threads per core) family 6 model 23 stepping 10, cmov, cx8, fxsr, mmx, sse, sse2, sse3, ssse3, sse4.1

Memory: 4k page, physical 3798844k(1295260k free), swap 7999996k(7999996k free)

vm_info: Java HotSpot(TM) 64-Bit Server VM (17.0-b14) for linux-amd64 JRE (1.6.0_21-ea-b04), built on May  5 2010 01:07:09 by "java_re" with gcc 3.2.2 (SuSE Linux)

time: Sun Jun 30 15:43:30 2013
elapsed time: 0 seconds

