#
# A fatal error has been detected by the Java Runtime Environment:
#
#  Internal Error (classFileParser.cpp:3161), pid=6018, tid=140510795527936
#  Error: ShouldNotReachHere()
#
# JRE version: 6.0_21-b04
# Java VM: Java HotSpot(TM) 64-Bit Server VM (17.0-b14 mixed mode linux-amd64 )
# If you would like to submit a bug report, please visit:
#   http://java.sun.com/webapps/bugreport/crash.jsp
#

---------------  T H R E A D  ---------------

Current thread (0x0000000040bf8000):  JavaThread "Unknown thread" [_thread_in_vm, id=6023, stack(0x00007fcb37fdf000,0x00007fcb380e0000)]

Stack: [0x00007fcb37fdf000,0x00007fcb380e0000],  sp=0x00007fcb380de140,  free space=3fc0000000000000018k
Native frames: (J=compiled Java code, j=interpreted, Vv=VM code, C=native code)
V  [libjvm.so+0x730520]
V  [libjvm.so+0x2f32c2]
V  [libjvm.so+0x281da4]
V  [libjvm.so+0x288234]
V  [libjvm.so+0x6c19cf]
V  [libjvm.so+0x6bfb5b]
V  [libjvm.so+0x6be9f1]
V  [libjvm.so+0x6be663]
V  [libjvm.so+0x6c3050]
V  [libjvm.so+0x6c30e5]
V  [libjvm.so+0x6c31c5]
V  [libjvm.so+0x6c2f88]
V  [libjvm.so+0x7084b8]
V  [libjvm.so+0x70a329]
V  [libjvm.so+0x3b55d8]
V  [libjvm.so+0x6f1bdf]
V  [libjvm.so+0x41ff60]


---------------  P R O C E S S  ---------------

Java Threads: ( => current thread )

Other Threads:

=>0x0000000040bf8000 (exited) JavaThread "Unknown thread" [_thread_in_vm, id=6023, stack(0x00007fcb37fdf000,0x00007fcb380e0000)]

VM state:not at safepoint (not fully initialized)

VM Mutex/Monitor currently owned by a thread: None

Dynamic libraries:
40000000-40009000 r-xp 00000000 00:22 24880134                           /dist/local/x86_64=suse64_11.1/java/jdk1.6.0_21/bin/java
40108000-4010a000 rwxp 00008000 00:22 24880134                           /dist/local/x86_64=suse64_11.1/java/jdk1.6.0_21/bin/java
40bee000-40c72000 rwxp 00000000 00:00 0                                  [heap]
7fcaf406d000-7fcaf412b000 r-xs 0103e000 00:22 27496760                   /dist/local/x86_64.debian64_dev/android/android-sdk-linux_x86_r09/platforms/android-14/android.jar
7fcaf412b000-7fcaf412c000 ---p 00000000 00:00 0 
7fcaf412c000-7fcaf422c000 rwxp 00000000 00:00 0                          [stack:6027]
7fcaf422c000-7fcaf422d000 ---p 00000000 00:00 0 
7fcaf422d000-7fcaf432d000 rwxp 00000000 00:00 0                          [stack:6026]
7fcaf432d000-7fcaf432e000 ---p 00000000 00:00 0 
7fcaf432e000-7fcaf442e000 rwxp 00000000 00:00 0                          [stack:6025]
7fcaf442e000-7fcaf442f000 ---p 00000000 00:00 0 
7fcaf442f000-7fcaf4543000 rwxp 00000000 00:00 0                          [stack:6024]
7fcaf4543000-7fcaf4665000 rwxp 00000000 00:00 0 
7fcaf4665000-7fcaf4670000 rwxp 00000000 00:00 0 
7fcaf4670000-7fcaf468f000 rwxp 00000000 00:00 0 
7fcaf468f000-7fcaf46a3000 rwxp 00000000 00:00 0 
7fcaf46a3000-7fcaf47c4000 rwxp 00000000 00:00 0 
7fcaf47c4000-7fcaf47ce000 rwxp 00000000 00:00 0 
7fcaf47ce000-7fcaf485f000 rwxp 00000000 00:00 0 
7fcaf485f000-7fcaf5d20000 rwxp 00000000 00:00 0 
7fcaf5d20000-7fcaf9c60000 rwxp 00000000 00:00 0 
7fcaf9c60000-7fcafc310000 rwxp 00000000 00:00 0 
7fcafc310000-7fcb20710000 rwxp 00000000 00:00 0 
7fcb20710000-7fcb21a60000 rwxp 00000000 00:00 0 
7fcb21a60000-7fcb33c60000 rwxp 00000000 00:00 0 
7fcb33c67000-7fcb33c71000 rwxp 00000000 00:00 0 
7fcb33c71000-7fcb33d27000 rwxp 00000000 00:00 0 
7fcb33d27000-7fcb33f97000 rwxp 00000000 00:00 0 
7fcb33f97000-7fcb36d27000 rwxp 00000000 00:00 0 
7fcb36d27000-7fcb36d35000 r-xp 00000000 00:22 10068149                   /dist/local/x86_64=suse64_11.1/java/jdk1.6.0_21/jre/lib/amd64/libzip.so
7fcb36d35000-7fcb36e37000 ---p 0000e000 00:22 10068149                   /dist/local/x86_64=suse64_11.1/java/jdk1.6.0_21/jre/lib/amd64/libzip.so
7fcb36e37000-7fcb36e3a000 rwxp 00010000 00:22 10068149                   /dist/local/x86_64=suse64_11.1/java/jdk1.6.0_21/jre/lib/amd64/libzip.so
7fcb36e3a000-7fcb36e3b000 rwxp 00000000 00:00 0 
7fcb36e3b000-7fcb36e4e000 r-xp 00000000 00:0c 29728456                   /lib/x86_64-linux-gnu/libresolv-2.13.so
7fcb36e4e000-7fcb3704d000 ---p 00013000 00:0c 29728456                   /lib/x86_64-linux-gnu/libresolv-2.13.so
7fcb3704d000-7fcb3704e000 r-xp 00012000 00:0c 29728456                   /lib/x86_64-linux-gnu/libresolv-2.13.so
7fcb3704e000-7fcb3704f000 rwxp 00013000 00:0c 29728456                   /lib/x86_64-linux-gnu/libresolv-2.13.so
7fcb3704f000-7fcb37051000 rwxp 00000000 00:00 0 
7fcb37051000-7fcb37056000 r-xp 00000000 00:0c 13866799                   /usr/lib/libnss_hujihs.so.2
7fcb37056000-7fcb37255000 ---p 00005000 00:0c 13866799                   /usr/lib/libnss_hujihs.so.2
7fcb37255000-7fcb37256000 r-xp 00004000 00:0c 13866799                   /usr/lib/libnss_hujihs.so.2
7fcb37256000-7fcb37257000 rwxp 00005000 00:0c 13866799                   /usr/lib/libnss_hujihs.so.2
7fcb37257000-7fcb37262000 r-xp 00000000 00:0c 27583407                   /lib/x86_64-linux-gnu/libnss_files-2.13.so
7fcb37262000-7fcb37461000 ---p 0000b000 00:0c 27583407                   /lib/x86_64-linux-gnu/libnss_files-2.13.so
7fcb37461000-7fcb37462000 r-xp 0000a000 00:0c 27583407                   /lib/x86_64-linux-gnu/libnss_files-2.13.so
7fcb37462000-7fcb37463000 rwxp 0000b000 00:0c 27583407                   /lib/x86_64-linux-gnu/libnss_files-2.13.so
7fcb37463000-7fcb3746d000 r-xp 00000000 00:0c 27583410                   /lib/x86_64-linux-gnu/libnss_nis-2.13.so
7fcb3746d000-7fcb3766c000 ---p 0000a000 00:0c 27583410                   /lib/x86_64-linux-gnu/libnss_nis-2.13.so
7fcb3766c000-7fcb3766d000 r-xp 00009000 00:0c 27583410                   /lib/x86_64-linux-gnu/libnss_nis-2.13.so
7fcb3766d000-7fcb3766e000 rwxp 0000a000 00:0c 27583410                   /lib/x86_64-linux-gnu/libnss_nis-2.13.so
7fcb3766e000-7fcb37675000 r-xp 00000000 00:0c 27583405                   /lib/x86_64-linux-gnu/libnss_compat-2.13.so
7fcb37675000-7fcb37874000 ---p 00007000 00:0c 27583405                   /lib/x86_64-linux-gnu/libnss_compat-2.13.so
7fcb37874000-7fcb37875000 r-xp 00006000 00:0c 27583405                   /lib/x86_64-linux-gnu/libnss_compat-2.13.so
7fcb37875000-7fcb37876000 rwxp 00007000 00:0c 27583405                   /lib/x86_64-linux-gnu/libnss_compat-2.13.so
7fcb37876000-7fcb3787d000 r-xp 00000000 00:22 3495410                    /dist/local/x86_64=suse64_11.1/java/jdk1.6.0_21/jre/lib/amd64/native_threads/libhpi.so
7fcb3787d000-7fcb3797e000 ---p 00007000 00:22 3495410                    /dist/local/x86_64=suse64_11.1/java/jdk1.6.0_21/jre/lib/amd64/native_threads/libhpi.so
7fcb3797e000-7fcb37980000 rwxp 00008000 00:22 3495410                    /dist/local/x86_64=suse64_11.1/java/jdk1.6.0_21/jre/lib/amd64/native_threads/libhpi.so
7fcb37980000-7fcb37981000 rwxp 00000000 00:00 0 
7fcb37981000-7fcb37996000 r-xp 00000000 00:0c 27583404                   /lib/x86_64-linux-gnu/libnsl-2.13.so
7fcb37996000-7fcb37b95000 ---p 00015000 00:0c 27583404                   /lib/x86_64-linux-gnu/libnsl-2.13.so
7fcb37b95000-7fcb37b96000 r-xp 00014000 00:0c 27583404                   /lib/x86_64-linux-gnu/libnsl-2.13.so
7fcb37b96000-7fcb37b97000 rwxp 00015000 00:0c 27583404                   /lib/x86_64-linux-gnu/libnsl-2.13.so
7fcb37b97000-7fcb37b99000 rwxp 00000000 00:00 0 
7fcb37b99000-7fcb37bc1000 r-xp 00000000 00:22 29438287                   /dist/local/x86_64=suse64_11.1/java/jdk1.6.0_21/jre/lib/amd64/libjava.so
7fcb37bc1000-7fcb37cc1000 ---p 00028000 00:22 29438287                   /dist/local/x86_64=suse64_11.1/java/jdk1.6.0_21/jre/lib/amd64/libjava.so
7fcb37cc1000-7fcb37cc8000 rwxp 00028000 00:22 29438287                   /dist/local/x86_64=suse64_11.1/java/jdk1.6.0_21/jre/lib/amd64/libjava.so
7fcb37cc8000-7fcb37cd5000 r-xp 00000000 00:22 10068144                   /dist/local/x86_64=suse64_11.1/java/jdk1.6.0_21/jre/lib/amd64/libverify.so
7fcb37cd5000-7fcb37dd4000 ---p 0000d000 00:22 10068144                   /dist/local/x86_64=suse64_11.1/java/jdk1.6.0_21/jre/lib/amd64/libverify.so
7fcb37dd4000-7fcb37dd7000 rwxp 0000c000 00:22 10068144                   /dist/local/x86_64=suse64_11.1/java/jdk1.6.0_21/jre/lib/amd64/libverify.so
7fcb37dd7000-7fcb37dde000 r-xp 00000000 00:0c 29728457                   /lib/x86_64-linux-gnu/librt-2.13.so
7fcb37dde000-7fcb37fdd000 ---p 00007000 00:0c 29728457                   /lib/x86_64-linux-gnu/librt-2.13.so
7fcb37fdd000-7fcb37fde000 r-xp 00006000 00:0c 29728457                   /lib/x86_64-linux-gnu/librt-2.13.so
7fcb37fde000-7fcb37fdf000 rwxp 00007000 00:0c 29728457                   /lib/x86_64-linux-gnu/librt-2.13.so
7fcb37fdf000-7fcb37fe2000 ---p 00000000 00:00 0 
7fcb37fe2000-7fcb380e0000 rwxp 00000000 00:00 0                          [stack:6023]
7fcb380e0000-7fcb38161000 r-xp 00000000 00:0c 27583400                   /lib/x86_64-linux-gnu/libm-2.13.so
7fcb38161000-7fcb38360000 ---p 00081000 00:0c 27583400                   /lib/x86_64-linux-gnu/libm-2.13.so
7fcb38360000-7fcb38361000 r-xp 00080000 00:0c 27583400                   /lib/x86_64-linux-gnu/libm-2.13.so
7fcb38361000-7fcb38362000 rwxp 00081000 00:0c 27583400                   /lib/x86_64-linux-gnu/libm-2.13.so
7fcb38362000-7fcb38b3c000 r-xp 00000000 00:22 33146673                   /dist/local/x86_64=suse64_11.1/java/jdk1.6.0_21/jre/lib/amd64/server/libjvm.so
7fcb38b3c000-7fcb38c3e000 ---p 007da000 00:22 33146673                   /dist/local/x86_64=suse64_11.1/java/jdk1.6.0_21/jre/lib/amd64/server/libjvm.so
7fcb38c3e000-7fcb38dcf000 rwxp 007dc000 00:22 33146673                   /dist/local/x86_64=suse64_11.1/java/jdk1.6.0_21/jre/lib/amd64/server/libjvm.so
7fcb38dcf000-7fcb38e0a000 rwxp 00000000 00:00 0 
7fcb38e0a000-7fcb38f87000 r-xp 00000000 00:0c 15887328                   /lib/x86_64-linux-gnu/libc-2.13.so
7fcb38f87000-7fcb39187000 ---p 0017d000 00:0c 15887328                   /lib/x86_64-linux-gnu/libc-2.13.so
7fcb39187000-7fcb3918b000 r-xp 0017d000 00:0c 15887328                   /lib/x86_64-linux-gnu/libc-2.13.so
7fcb3918b000-7fcb3918c000 rwxp 00181000 00:0c 15887328                   /lib/x86_64-linux-gnu/libc-2.13.so
7fcb3918c000-7fcb39191000 rwxp 00000000 00:00 0 
7fcb39191000-7fcb39193000 r-xp 00000000 00:0c 15887333                   /lib/x86_64-linux-gnu/libdl-2.13.so
7fcb39193000-7fcb39393000 ---p 00002000 00:0c 15887333                   /lib/x86_64-linux-gnu/libdl-2.13.so
7fcb39393000-7fcb39394000 r-xp 00002000 00:0c 15887333                   /lib/x86_64-linux-gnu/libdl-2.13.so
7fcb39394000-7fcb39395000 rwxp 00003000 00:0c 15887333                   /lib/x86_64-linux-gnu/libdl-2.13.so
7fcb39395000-7fcb393ac000 r-xp 00000000 00:0c 29728453                   /lib/x86_64-linux-gnu/libpthread-2.13.so
7fcb393ac000-7fcb395ab000 ---p 00017000 00:0c 29728453                   /lib/x86_64-linux-gnu/libpthread-2.13.so
7fcb395ab000-7fcb395ac000 r-xp 00016000 00:0c 29728453                   /lib/x86_64-linux-gnu/libpthread-2.13.so
7fcb395ac000-7fcb395ad000 rwxp 00017000 00:0c 29728453                   /lib/x86_64-linux-gnu/libpthread-2.13.so
7fcb395ad000-7fcb395b1000 rwxp 00000000 00:00 0 
7fcb395b1000-7fcb395d1000 r-xp 00000000 00:0c 15887320                   /lib/x86_64-linux-gnu/ld-2.13.so
7fcb3965e000-7fcb39689000 rwxp 00000000 00:00 0 
7fcb39689000-7fcb39690000 r-xp 00000000 00:22 21624750                   /dist/local/x86_64=suse64_11.1/java/jdk1.6.0_21/jre/lib/amd64/jli/libjli.so
7fcb39690000-7fcb39791000 ---p 00007000 00:22 21624750                   /dist/local/x86_64=suse64_11.1/java/jdk1.6.0_21/jre/lib/amd64/jli/libjli.so
7fcb39791000-7fcb39793000 rwxp 00008000 00:22 21624750                   /dist/local/x86_64=suse64_11.1/java/jdk1.6.0_21/jre/lib/amd64/jli/libjli.so
7fcb39793000-7fcb39794000 rwxp 00000000 00:00 0 
7fcb3979a000-7fcb397a5000 rwxp 00000000 00:00 0 
7fcb397a5000-7fcb397c4000 rwxp 00000000 00:00 0 
7fcb397c4000-7fcb397cc000 rwxs 00000000 08:03 778                        /tmp/hsperfdata_may11/6018
7fcb397cc000-7fcb397cd000 rwxp 00000000 00:00 0 
7fcb397cd000-7fcb397ce000 r-xp 00000000 00:00 0 
7fcb397ce000-7fcb397d0000 rwxp 00000000 00:00 0 
7fcb397d0000-7fcb397d1000 r-xp 0001f000 00:0c 15887320                   /lib/x86_64-linux-gnu/ld-2.13.so
7fcb397d1000-7fcb397d2000 rwxp 00020000 00:0c 15887320                   /lib/x86_64-linux-gnu/ld-2.13.so
7fcb397d2000-7fcb397d3000 rwxp 00000000 00:00 0 
7fffb5873000-7fffb5894000 rwxp 00000000 00:00 0                          [stack]
7fffb59ff000-7fffb5a00000 r-xp 00000000 00:00 0                          [vdso]
ffffffffff600000-ffffffffff601000 r-xp 00000000 00:00 0                  [vsyscall]

VM Arguments:
jvm_args: -Dfile.encoding=UTF-8 -Xbootclasspath:/usr/local/android/android-sdk-current/platforms/android-14/android.jar 
java_command: com.meet.walkamile.Position
Launcher Type: SUN_STANDARD

Environment Variables:
JAVA_HOME=/usr/local/java/current
CLASSPATH=/cs/_/meet/Y2/lib/smack.jar:/cs/_/meet/Y2/lib/smackx.jar:/cs/_/meet/Y2/lib/smackx-debug.jar:/cs/_/meet/Y2/lib/smackx-jingle.jar:/cs/_/meet/Y2/bin/:.
PATH=.:/usr/local/bin:/usr/bin:/bin:/usr/games:/usr/X11R6/bin:/usr/local/java/current/bin:/usr/bin/mh:/usr/lib/mh:/usr/local/java/leJOS/bin:/cs/_/meet/bin/
LD_LIBRARY_PATH=/dist/local/x86_64=suse64_11.1/java/jdk1.6.0_21/jre/lib/amd64/server:/dist/local/x86_64=suse64_11.1/java/jdk1.6.0_21/jre/lib/amd64:/dist/local/x86_64=suse64_11.1/java/jdk1.6.0_21/jre/../lib/amd64
SHELL=/bin/csh
DISPLAY=:0
HOSTTYPE=x86_64-linux
OSTYPE=linux
MACHTYPE=x86_64

Signal Handlers:
SIGSEGV: [libjvm.so+0x7310d0], sa_mask[0]=0x7ffbfeff, sa_flags=0x10000004
SIGBUS: [libjvm.so+0x7310d0], sa_mask[0]=0x7ffbfeff, sa_flags=0x10000004
SIGFPE: [libjvm.so+0x5f5cb0], sa_mask[0]=0x7ffbfeff, sa_flags=0x10000004
SIGPIPE: [libjvm.so+0x5f5cb0], sa_mask[0]=0x7ffbfeff, sa_flags=0x10000004
SIGXFSZ: [libjvm.so+0x5f5cb0], sa_mask[0]=0x7ffbfeff, sa_flags=0x10000004
SIGILL: [libjvm.so+0x5f5cb0], sa_mask[0]=0x7ffbfeff, sa_flags=0x10000004
SIGUSR1: SIG_DFL, sa_mask[0]=0x00000000, sa_flags=0x00000000
SIGUSR2: [libjvm.so+0x5f84d0], sa_mask[0]=0x00000004, sa_flags=0x10000004
SIGHUP: SIG_DFL, sa_mask[0]=0x00000000, sa_flags=0x00000000
SIGINT: SIG_DFL, sa_mask[0]=0x00000000, sa_flags=0x00000000
SIGTERM: SIG_DFL, sa_mask[0]=0x00000000, sa_flags=0x00000000
SIGQUIT: SIG_DFL, sa_mask[0]=0x00000000, sa_flags=0x00000000


---------------  S Y S T E M  ---------------

OS:wheezy/sid

uname:Linux 3.8.10-ass-aufs-mos-1 #1 SMP Sun Apr 28 14:29:51 IDT 2013 x86_64
libc:glibc 2.13 NPTL 2.13 
rlimit: STACK 8192k, CORE 0k, NPROC 29672, NOFILE 4096, AS infinity
load average:0.03 0.07 0.12

CPU:total 4 (4 cores per cpu, 1 threads per core) family 6 model 23 stepping 10, cmov, cx8, fxsr, mmx, sse, sse2, sse3, ssse3, sse4.1

Memory: 4k page, physical 3798844k(1145264k free), swap 7999996k(7999996k free)

vm_info: Java HotSpot(TM) 64-Bit Server VM (17.0-b14) for linux-amd64 JRE (1.6.0_21-ea-b04), built on May  5 2010 01:07:09 by "java_re" with gcc 3.2.2 (SuSE Linux)

time: Fri Jun 28 12:19:59 2013
elapsed time: 0 seconds

