#
# A fatal error has been detected by the Java Runtime Environment:
#
#  Internal Error (classFileParser.cpp:3161), pid=9888, tid=139674643986176
#  Error: ShouldNotReachHere()
#
# JRE version: 6.0_21-b04
# Java VM: Java HotSpot(TM) 64-Bit Server VM (17.0-b14 mixed mode linux-amd64 )
# If you would like to submit a bug report, please visit:
#   http://java.sun.com/webapps/bugreport/crash.jsp
#

---------------  T H R E A D  ---------------

Current thread (0x0000000040bf2000):  JavaThread "Unknown thread" [_thread_in_vm, id=9893, stack(0x00007f088979f000,0x00007f08898a0000)]

Stack: [0x00007f088979f000,0x00007f08898a0000],  sp=0x00007f088989e140,  free space=3fc0000000000000018k
Native frames: (J=compiled Java code, j=interpreted, Vv=VM code, C=native code)
V  [libjvm.so+0x730520]
V  [libjvm.so+0x2f32c2]
V  [libjvm.so+0x281da4]
V  [libjvm.so+0x288234]
V  [libjvm.so+0x6c19cf]
V  [libjvm.so+0x6bfb5b]
V  [libjvm.so+0x6be9f1]
V  [libjvm.so+0x6be663]
V  [libjvm.so+0x6c3050]
V  [libjvm.so+0x6c30e5]
V  [libjvm.so+0x6c31c5]
V  [libjvm.so+0x6c2f88]
V  [libjvm.so+0x7084b8]
V  [libjvm.so+0x70a329]
V  [libjvm.so+0x3b55d8]
V  [libjvm.so+0x6f1bdf]
V  [libjvm.so+0x41ff60]


---------------  P R O C E S S  ---------------

Java Threads: ( => current thread )

Other Threads:

=>0x0000000040bf2000 (exited) JavaThread "Unknown thread" [_thread_in_vm, id=9893, stack(0x00007f088979f000,0x00007f08898a0000)]

VM state:not at safepoint (not fully initialized)

VM Mutex/Monitor currently owned by a thread: None

Dynamic libraries:
40000000-40009000 r-xp 00000000 00:22 24880134                           /dist/local/x86_64=suse64_11.1/java/jdk1.6.0_21/bin/java
40108000-4010a000 rwxp 00008000 00:22 24880134                           /dist/local/x86_64=suse64_11.1/java/jdk1.6.0_21/bin/java
40be8000-40c5a000 rwxp 00000000 00:00 0                                  [heap]
7f0845825000-7f08458eb000 r-xs 0116f000 00:22 61408350                   /dist/local/x86_64.debian64_dev/android/android-sdk-linux_x86_r09/platforms/android-17/android.jar
7f08458eb000-7f08458ec000 ---p 00000000 00:00 0 
7f08458ec000-7f08459ec000 rwxp 00000000 00:00 0                          [stack:9897]
7f08459ec000-7f08459ed000 ---p 00000000 00:00 0 
7f08459ed000-7f0845aed000 rwxp 00000000 00:00 0                          [stack:9896]
7f0845aed000-7f0845aee000 ---p 00000000 00:00 0 
7f0845aee000-7f0845bee000 rwxp 00000000 00:00 0                          [stack:9895]
7f0845bee000-7f0845bef000 ---p 00000000 00:00 0 
7f0845bef000-7f0845d03000 rwxp 00000000 00:00 0                          [stack:9894]
7f0845d03000-7f0845e25000 rwxp 00000000 00:00 0 
7f0845e25000-7f0845e30000 rwxp 00000000 00:00 0 
7f0845e30000-7f0845e4f000 rwxp 00000000 00:00 0 
7f0845e4f000-7f0845e63000 rwxp 00000000 00:00 0 
7f0845e63000-7f0845f84000 rwxp 00000000 00:00 0 
7f0845f84000-7f0845f8e000 rwxp 00000000 00:00 0 
7f0845f8e000-7f084601f000 rwxp 00000000 00:00 0 
7f084601f000-7f08474e0000 rwxp 00000000 00:00 0 
7f08474e0000-7f084b420000 rwxp 00000000 00:00 0 
7f084b420000-7f084dad0000 rwxp 00000000 00:00 0 
7f084dad0000-7f0871ed0000 rwxp 00000000 00:00 0 
7f0871ed0000-7f0873220000 rwxp 00000000 00:00 0 
7f0873220000-7f0885420000 rwxp 00000000 00:00 0 
7f0885427000-7f0885431000 rwxp 00000000 00:00 0 
7f0885431000-7f08854e7000 rwxp 00000000 00:00 0 
7f08854e7000-7f0885757000 rwxp 00000000 00:00 0 
7f0885757000-7f08884e7000 rwxp 00000000 00:00 0 
7f08884e7000-7f08884f5000 r-xp 00000000 00:22 10068149                   /dist/local/x86_64=suse64_11.1/java/jdk1.6.0_21/jre/lib/amd64/libzip.so
7f08884f5000-7f08885f7000 ---p 0000e000 00:22 10068149                   /dist/local/x86_64=suse64_11.1/java/jdk1.6.0_21/jre/lib/amd64/libzip.so
7f08885f7000-7f08885fa000 rwxp 00010000 00:22 10068149                   /dist/local/x86_64=suse64_11.1/java/jdk1.6.0_21/jre/lib/amd64/libzip.so
7f08885fa000-7f08885fb000 rwxp 00000000 00:00 0 
7f08885fb000-7f088860e000 r-xp 00000000 00:0c 29728456                   /lib/x86_64-linux-gnu/libresolv-2.13.so
7f088860e000-7f088880d000 ---p 00013000 00:0c 29728456                   /lib/x86_64-linux-gnu/libresolv-2.13.so
7f088880d000-7f088880e000 r-xp 00012000 00:0c 29728456                   /lib/x86_64-linux-gnu/libresolv-2.13.so
7f088880e000-7f088880f000 rwxp 00013000 00:0c 29728456                   /lib/x86_64-linux-gnu/libresolv-2.13.so
7f088880f000-7f0888811000 rwxp 00000000 00:00 0 
7f0888811000-7f0888816000 r-xp 00000000 00:0c 13866799                   /usr/lib/libnss_hujihs.so.2
7f0888816000-7f0888a15000 ---p 00005000 00:0c 13866799                   /usr/lib/libnss_hujihs.so.2
7f0888a15000-7f0888a16000 r-xp 00004000 00:0c 13866799                   /usr/lib/libnss_hujihs.so.2
7f0888a16000-7f0888a17000 rwxp 00005000 00:0c 13866799                   /usr/lib/libnss_hujihs.so.2
7f0888a17000-7f0888a22000 r-xp 00000000 00:0c 27583407                   /lib/x86_64-linux-gnu/libnss_files-2.13.so
7f0888a22000-7f0888c21000 ---p 0000b000 00:0c 27583407                   /lib/x86_64-linux-gnu/libnss_files-2.13.so
7f0888c21000-7f0888c22000 r-xp 0000a000 00:0c 27583407                   /lib/x86_64-linux-gnu/libnss_files-2.13.so
7f0888c22000-7f0888c23000 rwxp 0000b000 00:0c 27583407                   /lib/x86_64-linux-gnu/libnss_files-2.13.so
7f0888c23000-7f0888c2d000 r-xp 00000000 00:0c 27583410                   /lib/x86_64-linux-gnu/libnss_nis-2.13.so
7f0888c2d000-7f0888e2c000 ---p 0000a000 00:0c 27583410                   /lib/x86_64-linux-gnu/libnss_nis-2.13.so
7f0888e2c000-7f0888e2d000 r-xp 00009000 00:0c 27583410                   /lib/x86_64-linux-gnu/libnss_nis-2.13.so
7f0888e2d000-7f0888e2e000 rwxp 0000a000 00:0c 27583410                   /lib/x86_64-linux-gnu/libnss_nis-2.13.so
7f0888e2e000-7f0888e35000 r-xp 00000000 00:0c 27583405                   /lib/x86_64-linux-gnu/libnss_compat-2.13.so
7f0888e35000-7f0889034000 ---p 00007000 00:0c 27583405                   /lib/x86_64-linux-gnu/libnss_compat-2.13.so
7f0889034000-7f0889035000 r-xp 00006000 00:0c 27583405                   /lib/x86_64-linux-gnu/libnss_compat-2.13.so
7f0889035000-7f0889036000 rwxp 00007000 00:0c 27583405                   /lib/x86_64-linux-gnu/libnss_compat-2.13.so
7f0889036000-7f088903d000 r-xp 00000000 00:22 3495410                    /dist/local/x86_64=suse64_11.1/java/jdk1.6.0_21/jre/lib/amd64/native_threads/libhpi.so
7f088903d000-7f088913e000 ---p 00007000 00:22 3495410                    /dist/local/x86_64=suse64_11.1/java/jdk1.6.0_21/jre/lib/amd64/native_threads/libhpi.so
7f088913e000-7f0889140000 rwxp 00008000 00:22 3495410                    /dist/local/x86_64=suse64_11.1/java/jdk1.6.0_21/jre/lib/amd64/native_threads/libhpi.so
7f0889140000-7f0889141000 rwxp 00000000 00:00 0 
7f0889141000-7f0889156000 r-xp 00000000 00:0c 27583404                   /lib/x86_64-linux-gnu/libnsl-2.13.so
7f0889156000-7f0889355000 ---p 00015000 00:0c 27583404                   /lib/x86_64-linux-gnu/libnsl-2.13.so
7f0889355000-7f0889356000 r-xp 00014000 00:0c 27583404                   /lib/x86_64-linux-gnu/libnsl-2.13.so
7f0889356000-7f0889357000 rwxp 00015000 00:0c 27583404                   /lib/x86_64-linux-gnu/libnsl-2.13.so
7f0889357000-7f0889359000 rwxp 00000000 00:00 0 
7f0889359000-7f0889381000 r-xp 00000000 00:22 29438287                   /dist/local/x86_64=suse64_11.1/java/jdk1.6.0_21/jre/lib/amd64/libjava.so
7f0889381000-7f0889481000 ---p 00028000 00:22 29438287                   /dist/local/x86_64=suse64_11.1/java/jdk1.6.0_21/jre/lib/amd64/libjava.so
7f0889481000-7f0889488000 rwxp 00028000 00:22 29438287                   /dist/local/x86_64=suse64_11.1/java/jdk1.6.0_21/jre/lib/amd64/libjava.so
7f0889488000-7f0889495000 r-xp 00000000 00:22 10068144                   /dist/local/x86_64=suse64_11.1/java/jdk1.6.0_21/jre/lib/amd64/libverify.so
7f0889495000-7f0889594000 ---p 0000d000 00:22 10068144                   /dist/local/x86_64=suse64_11.1/java/jdk1.6.0_21/jre/lib/amd64/libverify.so
7f0889594000-7f0889597000 rwxp 0000c000 00:22 10068144                   /dist/local/x86_64=suse64_11.1/java/jdk1.6.0_21/jre/lib/amd64/libverify.so
7f0889597000-7f088959e000 r-xp 00000000 00:0c 29728457                   /lib/x86_64-linux-gnu/librt-2.13.so
7f088959e000-7f088979d000 ---p 00007000 00:0c 29728457                   /lib/x86_64-linux-gnu/librt-2.13.so
7f088979d000-7f088979e000 r-xp 00006000 00:0c 29728457                   /lib/x86_64-linux-gnu/librt-2.13.so
7f088979e000-7f088979f000 rwxp 00007000 00:0c 29728457                   /lib/x86_64-linux-gnu/librt-2.13.so
7f088979f000-7f08897a2000 ---p 00000000 00:00 0 
7f08897a2000-7f08898a0000 rwxp 00000000 00:00 0                          [stack:9893]
7f08898a0000-7f0889921000 r-xp 00000000 00:0c 27583400                   /lib/x86_64-linux-gnu/libm-2.13.so
7f0889921000-7f0889b20000 ---p 00081000 00:0c 27583400                   /lib/x86_64-linux-gnu/libm-2.13.so
7f0889b20000-7f0889b21000 r-xp 00080000 00:0c 27583400                   /lib/x86_64-linux-gnu/libm-2.13.so
7f0889b21000-7f0889b22000 rwxp 00081000 00:0c 27583400                   /lib/x86_64-linux-gnu/libm-2.13.so
7f0889b22000-7f088a2fc000 r-xp 00000000 00:22 33146673                   /dist/local/x86_64=suse64_11.1/java/jdk1.6.0_21/jre/lib/amd64/server/libjvm.so
7f088a2fc000-7f088a3fe000 ---p 007da000 00:22 33146673                   /dist/local/x86_64=suse64_11.1/java/jdk1.6.0_21/jre/lib/amd64/server/libjvm.so
7f088a3fe000-7f088a58f000 rwxp 007dc000 00:22 33146673                   /dist/local/x86_64=suse64_11.1/java/jdk1.6.0_21/jre/lib/amd64/server/libjvm.so
7f088a58f000-7f088a5ca000 rwxp 00000000 00:00 0 
7f088a5ca000-7f088a747000 r-xp 00000000 00:0c 15887328                   /lib/x86_64-linux-gnu/libc-2.13.so
7f088a747000-7f088a947000 ---p 0017d000 00:0c 15887328                   /lib/x86_64-linux-gnu/libc-2.13.so
7f088a947000-7f088a94b000 r-xp 0017d000 00:0c 15887328                   /lib/x86_64-linux-gnu/libc-2.13.so
7f088a94b000-7f088a94c000 rwxp 00181000 00:0c 15887328                   /lib/x86_64-linux-gnu/libc-2.13.so
7f088a94c000-7f088a951000 rwxp 00000000 00:00 0 
7f088a951000-7f088a953000 r-xp 00000000 00:0c 15887333                   /lib/x86_64-linux-gnu/libdl-2.13.so
7f088a953000-7f088ab53000 ---p 00002000 00:0c 15887333                   /lib/x86_64-linux-gnu/libdl-2.13.so
7f088ab53000-7f088ab54000 r-xp 00002000 00:0c 15887333                   /lib/x86_64-linux-gnu/libdl-2.13.so
7f088ab54000-7f088ab55000 rwxp 00003000 00:0c 15887333                   /lib/x86_64-linux-gnu/libdl-2.13.so
7f088ab55000-7f088ab6c000 r-xp 00000000 00:0c 29728453                   /lib/x86_64-linux-gnu/libpthread-2.13.so
7f088ab6c000-7f088ad6b000 ---p 00017000 00:0c 29728453                   /lib/x86_64-linux-gnu/libpthread-2.13.so
7f088ad6b000-7f088ad6c000 r-xp 00016000 00:0c 29728453                   /lib/x86_64-linux-gnu/libpthread-2.13.so
7f088ad6c000-7f088ad6d000 rwxp 00017000 00:0c 29728453                   /lib/x86_64-linux-gnu/libpthread-2.13.so
7f088ad6d000-7f088ad71000 rwxp 00000000 00:00 0 
7f088ad71000-7f088ad91000 r-xp 00000000 00:0c 15887320                   /lib/x86_64-linux-gnu/ld-2.13.so
7f088ae1e000-7f088ae49000 rwxp 00000000 00:00 0 
7f088ae49000-7f088ae50000 r-xp 00000000 00:22 21624750                   /dist/local/x86_64=suse64_11.1/java/jdk1.6.0_21/jre/lib/amd64/jli/libjli.so
7f088ae50000-7f088af51000 ---p 00007000 00:22 21624750                   /dist/local/x86_64=suse64_11.1/java/jdk1.6.0_21/jre/lib/amd64/jli/libjli.so
7f088af51000-7f088af53000 rwxp 00008000 00:22 21624750                   /dist/local/x86_64=suse64_11.1/java/jdk1.6.0_21/jre/lib/amd64/jli/libjli.so
7f088af53000-7f088af54000 rwxp 00000000 00:00 0 
7f088af5a000-7f088af65000 rwxp 00000000 00:00 0 
7f088af65000-7f088af84000 rwxp 00000000 00:00 0 
7f088af84000-7f088af8c000 rwxs 00000000 08:03 459                        /tmp/hsperfdata_may11/9888
7f088af8c000-7f088af8d000 rwxp 00000000 00:00 0 
7f088af8d000-7f088af8e000 r-xp 00000000 00:00 0 
7f088af8e000-7f088af90000 rwxp 00000000 00:00 0 
7f088af90000-7f088af91000 r-xp 0001f000 00:0c 15887320                   /lib/x86_64-linux-gnu/ld-2.13.so
7f088af91000-7f088af92000 rwxp 00020000 00:0c 15887320                   /lib/x86_64-linux-gnu/ld-2.13.so
7f088af92000-7f088af93000 rwxp 00000000 00:00 0 
7fffb84a6000-7fffb84c7000 rwxp 00000000 00:00 0                          [stack]
7fffb8522000-7fffb8523000 r-xp 00000000 00:00 0                          [vdso]
ffffffffff600000-ffffffffff601000 r-xp 00000000 00:00 0                  [vsyscall]

VM Arguments:
jvm_args: -Dfile.encoding=UTF-8 -Xbootclasspath:/usr/local/android/android-sdk-current/platforms/android-17/android.jar 
java_command: com.meet.walkamile.Position
Launcher Type: SUN_STANDARD

Environment Variables:
JAVA_HOME=/usr/local/java/current
CLASSPATH=/cs/_/meet/Y2/lib/smack.jar:/cs/_/meet/Y2/lib/smackx.jar:/cs/_/meet/Y2/lib/smackx-debug.jar:/cs/_/meet/Y2/lib/smackx-jingle.jar:/cs/_/meet/Y2/bin/:.
PATH=.:/usr/local/bin:/usr/bin:/bin:/usr/games:/usr/X11R6/bin:/usr/local/java/current/bin:/usr/bin/mh:/usr/lib/mh:/usr/local/java/leJOS/bin:/cs/_/meet/bin/
LD_LIBRARY_PATH=/dist/local/x86_64=suse64_11.1/java/jdk1.6.0_21/jre/lib/amd64/server:/dist/local/x86_64=suse64_11.1/java/jdk1.6.0_21/jre/lib/amd64:/dist/local/x86_64=suse64_11.1/java/jdk1.6.0_21/jre/../lib/amd64
SHELL=/bin/csh
DISPLAY=:0
HOSTTYPE=x86_64-linux
OSTYPE=linux
MACHTYPE=x86_64

Signal Handlers:
SIGSEGV: [libjvm.so+0x7310d0], sa_mask[0]=0x7ffbfeff, sa_flags=0x10000004
SIGBUS: [libjvm.so+0x7310d0], sa_mask[0]=0x7ffbfeff, sa_flags=0x10000004
SIGFPE: [libjvm.so+0x5f5cb0], sa_mask[0]=0x7ffbfeff, sa_flags=0x10000004
SIGPIPE: [libjvm.so+0x5f5cb0], sa_mask[0]=0x7ffbfeff, sa_flags=0x10000004
SIGXFSZ: [libjvm.so+0x5f5cb0], sa_mask[0]=0x7ffbfeff, sa_flags=0x10000004
SIGILL: [libjvm.so+0x5f5cb0], sa_mask[0]=0x7ffbfeff, sa_flags=0x10000004
SIGUSR1: SIG_DFL, sa_mask[0]=0x00000000, sa_flags=0x00000000
SIGUSR2: [libjvm.so+0x5f84d0], sa_mask[0]=0x00000004, sa_flags=0x10000004
SIGHUP: SIG_DFL, sa_mask[0]=0x00000000, sa_flags=0x00000000
SIGINT: SIG_DFL, sa_mask[0]=0x00000000, sa_flags=0x00000000
SIGTERM: SIG_DFL, sa_mask[0]=0x00000000, sa_flags=0x00000000
SIGQUIT: SIG_DFL, sa_mask[0]=0x00000000, sa_flags=0x00000000


---------------  S Y S T E M  ---------------

OS:wheezy/sid

uname:Linux 3.8.10-ass-aufs-mos-1 #1 SMP Sun Apr 28 14:29:51 IDT 2013 x86_64
libc:glibc 2.13 NPTL 2.13 
rlimit: STACK 8192k, CORE 0k, NPROC 29672, NOFILE 4096, AS infinity
load average:0.07 0.06 0.10

CPU:total 4 (4 cores per cpu, 1 threads per core) family 6 model 23 stepping 10, cmov, cx8, fxsr, mmx, sse, sse2, sse3, ssse3, sse4.1

Memory: 4k page, physical 3798844k(1287636k free), swap 7999996k(7999996k free)

vm_info: Java HotSpot(TM) 64-Bit Server VM (17.0-b14) for linux-amd64 JRE (1.6.0_21-ea-b04), built on May  5 2010 01:07:09 by "java_re" with gcc 3.2.2 (SuSE Linux)

time: Sun Jun 30 15:44:34 2013
elapsed time: 0 seconds

